{"/Users/sajidpatel/Sites/MageOS-env/mageos/app/code/SajidPatel/HyvaFlow/view/frontend/web/src/core-entry.ts": {"path":"/Users/sajidpatel/Sites/MageOS-env/mageos/app/code/SajidPatel/HyvaFlow/view/frontend/web/src/core-entry.ts","statementMap":{"0":{"start":{"line":4,"column":0},"end":{"line":4,"column":null}},"1":{"start":{"line":23,"column":4},"end":{"line":30,"column":null}},"2":{"start":{"line":32,"column":28},"end":{"line":42,"column":null}},"3":{"start":{"line":33,"column":4},"end":{"line":35,"column":null}},"4":{"start":{"line":34,"column":8},"end":{"line":34,"column":null}},"5":{"start":{"line":36,"column":18},"end":{"line":36,"column":null}},"6":{"start":{"line":37,"column":19},"end":{"line":37,"column":null}},"7":{"start":{"line":38,"column":4},"end":{"line":41,"column":null}},"8":{"start":{"line":44,"column":24},"end":{"line":47,"column":null}},"9":{"start":{"line":45,"column":4},"end":{"line":45,"column":null}},"10":{"start":{"line":45,"column":55},"end":{"line":45,"column":98}},"11":{"start":{"line":46,"column":4},"end":{"line":46,"column":null}},"12":{"start":{"line":49,"column":24},"end":{"line":59,"column":null}},"13":{"start":{"line":50,"column":4},"end":{"line":50,"column":null}},"14":{"start":{"line":51,"column":4},"end":{"line":58,"column":null}},"15":{"start":{"line":52,"column":34},"end":{"line":52,"column":null}},"16":{"start":{"line":53,"column":8},"end":{"line":55,"column":null}},"17":{"start":{"line":54,"column":12},"end":{"line":54,"column":null}},"18":{"start":{"line":56,"column":8},"end":{"line":56,"column":null}},"19":{"start":{"line":57,"column":8},"end":{"line":57,"column":null}},"20":{"start":{"line":61,"column":22},"end":{"line":63,"column":null}},"21":{"start":{"line":62,"column":4},"end":{"line":62,"column":null}},"22":{"start":{"line":65,"column":20},"end":{"line":71,"column":null}},"23":{"start":{"line":66,"column":20},"end":{"line":66,"column":null}},"24":{"start":{"line":67,"column":4},"end":{"line":69,"column":null}},"25":{"start":{"line":68,"column":8},"end":{"line":68,"column":null}},"26":{"start":{"line":68,"column":35},"end":{"line":68,"column":50}},"27":{"start":{"line":70,"column":4},"end":{"line":70,"column":null}},"28":{"start":{"line":73,"column":29},"end":{"line":76,"column":null}},"29":{"start":{"line":74,"column":4},"end":{"line":74,"column":null}},"30":{"start":{"line":75,"column":4},"end":{"line":75,"column":null}},"31":{"start":{"line":78,"column":30},"end":{"line":90,"column":null}},"32":{"start":{"line":79,"column":4},"end":{"line":81,"column":null}},"33":{"start":{"line":80,"column":8},"end":{"line":80,"column":null}},"34":{"start":{"line":82,"column":4},"end":{"line":84,"column":null}},"35":{"start":{"line":83,"column":8},"end":{"line":83,"column":null}},"36":{"start":{"line":85,"column":4},"end":{"line":85,"column":null}},"37":{"start":{"line":86,"column":4},"end":{"line":89,"column":null}},"38":{"start":{"line":92,"column":0},"end":{"line":92,"column":null}},"39":{"start":{"line":92,"column":67},"end":{"line":92,"column":null}},"40":{"start":{"line":93,"column":0},"end":{"line":93,"column":null}},"41":{"start":{"line":96,"column":24},"end":{"line":96,"column":null}}},"fnMap":{"0":{"name":"(anonymous_0)","decl":{"start":{"line":32,"column":28},"end":{"line":32,"column":29}},"loc":{"start":{"line":32,"column":110},"end":{"line":42,"column":null}},"line":32},"1":{"name":"(anonymous_1)","decl":{"start":{"line":44,"column":24},"end":{"line":44,"column":25}},"loc":{"start":{"line":44,"column":57},"end":{"line":47,"column":null}},"line":44},"2":{"name":"(anonymous_2)","decl":{"start":{"line":45,"column":22},"end":{"line":45,"column":23}},"loc":{"start":{"line":45,"column":55},"end":{"line":45,"column":98}},"line":45},"3":{"name":"(anonymous_3)","decl":{"start":{"line":49,"column":24},"end":{"line":49,"column":25}},"loc":{"start":{"line":49,"column":119},"end":{"line":59,"column":null}},"line":49},"4":{"name":"(anonymous_4)","decl":{"start":{"line":51,"column":24},"end":{"line":51,"column":25}},"loc":{"start":{"line":51,"column":40},"end":{"line":58,"column":5}},"line":51},"5":{"name":"(anonymous_5)","decl":{"start":{"line":61,"column":22},"end":{"line":61,"column":28}},"loc":{"start":{"line":61,"column":28},"end":{"line":63,"column":null}},"line":61},"6":{"name":"(anonymous_6)","decl":{"start":{"line":65,"column":20},"end":{"line":65,"column":26}},"loc":{"start":{"line":65,"column":26},"end":{"line":71,"column":null}},"line":65},"7":{"name":"(anonymous_7)","decl":{"start":{"line":68,"column":29},"end":{"line":68,"column":35}},"loc":{"start":{"line":68,"column":35},"end":{"line":68,"column":50}},"line":68},"8":{"name":"(anonymous_8)","decl":{"start":{"line":73,"column":29},"end":{"line":73,"column":35}},"loc":{"start":{"line":73,"column":35},"end":{"line":76,"column":null}},"line":73},"9":{"name":"(anonymous_9)","decl":{"start":{"line":78,"column":30},"end":{"line":78,"column":31}},"loc":{"start":{"line":78,"column":69},"end":{"line":90,"column":null}},"line":78},"10":{"name":"(anonymous_10)","decl":{"start":{"line":92,"column":28},"end":{"line":92,"column":29}},"loc":{"start":{"line":92,"column":67},"end":{"line":92,"column":null}},"line":92}},"branchMap":{"0":{"loc":{"start":{"line":33,"column":4},"end":{"line":35,"column":null}},"type":"if","locations":[{"start":{"line":33,"column":4},"end":{"line":35,"column":null}},{"start":{},"end":{}}],"line":33},"1":{"loc":{"start":{"line":39,"column":15},"end":{"line":39,"column":null}},"type":"binary-expr","locations":[{"start":{"line":39,"column":15},"end":{"line":39,"column":24}},{"start":{"line":39,"column":24},"end":{"line":39,"column":null}}],"line":39},"2":{"loc":{"start":{"line":40,"column":16},"end":{"line":40,"column":null}},"type":"cond-expr","locations":[{"start":{"line":40,"column":91},"end":{"line":40,"column":100}},{"start":{"line":40,"column":100},"end":{"line":40,"column":null}}],"line":40},"3":{"loc":{"start":{"line":40,"column":16},"end":{"line":40,"column":91}},"type":"binary-expr","locations":[{"start":{"line":40,"column":16},"end":{"line":40,"column":26}},{"start":{"line":40,"column":26},"end":{"line":40,"column":91}}],"line":40},"4":{"loc":{"start":{"line":53,"column":8},"end":{"line":55,"column":null}},"type":"if","locations":[{"start":{"line":53,"column":8},"end":{"line":55,"column":null}},{"start":{},"end":{}}],"line":53},"5":{"loc":{"start":{"line":67,"column":4},"end":{"line":69,"column":null}},"type":"if","locations":[{"start":{"line":67,"column":4},"end":{"line":69,"column":null}},{"start":{},"end":{}}],"line":67},"6":{"loc":{"start":{"line":67,"column":8},"end":{"line":67,"column":54}},"type":"binary-expr","locations":[{"start":{"line":67,"column":8},"end":{"line":67,"column":18}},{"start":{"line":67,"column":18},"end":{"line":67,"column":54}}],"line":67},"7":{"loc":{"start":{"line":79,"column":4},"end":{"line":81,"column":null}},"type":"if","locations":[{"start":{"line":79,"column":4},"end":{"line":81,"column":null}},{"start":{},"end":{}}],"line":79},"8":{"loc":{"start":{"line":82,"column":4},"end":{"line":84,"column":null}},"type":"if","locations":[{"start":{"line":82,"column":4},"end":{"line":84,"column":null}},{"start":{},"end":{}}],"line":82}},"s":{"0":6,"1":6,"2":6,"3":31,"4":24,"5":7,"6":31,"7":31,"8":6,"9":30,"10":18,"11":30,"12":6,"13":30,"14":30,"15":31,"16":31,"17":1,"18":30,"19":30,"20":6,"21":2,"22":6,"23":2,"24":2,"25":2,"26":0,"27":2,"28":6,"29":15,"30":15,"31":6,"32":9,"33":2,"34":9,"35":3,"36":9,"37":9,"38":6,"39":9,"40":6,"41":6},"f":{"0":31,"1":30,"2":18,"3":30,"4":31,"5":2,"6":2,"7":0,"8":15,"9":9,"10":9},"b":{"0":[24,7],"1":[31,1],"2":[0,7],"3":[31,7],"4":[1,30],"5":[2,0],"6":[2,2],"7":[2,7],"8":[3,6]},"meta":{"lastBranch":9,"lastFunction":11,"lastStatement":42,"seen":{"s:4:0:4:Infinity":0,"s:23:4:30:Infinity":1,"s:32:28:42:Infinity":2,"f:32:28:32:29":0,"b:33:4:35:Infinity:undefined:undefined:undefined:undefined":0,"s:33:4:35:Infinity":3,"s:34:8:34:Infinity":4,"s:36:18:36:Infinity":5,"s:37:19:37:Infinity":6,"s:38:4:41:Infinity":7,"b:39:15:39:24:39:24:39:Infinity":1,"b:40:91:40:100:40:100:40:Infinity":2,"b:40:16:40:26:40:26:40:91":3,"s:44:24:47:Infinity":8,"f:44:24:44:25":1,"s:45:4:45:Infinity":9,"f:45:22:45:23":2,"s:45:55:45:98":10,"s:46:4:46:Infinity":11,"s:49:24:59:Infinity":12,"f:49:24:49:25":3,"s:50:4:50:Infinity":13,"s:51:4:58:Infinity":14,"f:51:24:51:25":4,"s:52:34:52:Infinity":15,"b:53:8:55:Infinity:undefined:undefined:undefined:undefined":4,"s:53:8:55:Infinity":16,"s:54:12:54:Infinity":17,"s:56:8:56:Infinity":18,"s:57:8:57:Infinity":19,"s:61:22:63:Infinity":20,"f:61:22:61:28":5,"s:62:4:62:Infinity":21,"s:65:20:71:Infinity":22,"f:65:20:65:26":6,"s:66:20:66:Infinity":23,"b:67:4:69:Infinity:undefined:undefined:undefined:undefined":5,"s:67:4:69:Infinity":24,"b:67:8:67:18:67:18:67:54":6,"s:68:8:68:Infinity":25,"f:68:29:68:35":7,"s:68:35:68:50":26,"s:70:4:70:Infinity":27,"s:73:29:76:Infinity":28,"f:73:29:73:35":8,"s:74:4:74:Infinity":29,"s:75:4:75:Infinity":30,"s:78:30:90:Infinity":31,"f:78:30:78:31":9,"b:79:4:81:Infinity:undefined:undefined:undefined:undefined":7,"s:79:4:81:Infinity":32,"s:80:8:80:Infinity":33,"b:82:4:84:Infinity:undefined:undefined:undefined:undefined":8,"s:82:4:84:Infinity":34,"s:83:8:83:Infinity":35,"s:85:4:85:Infinity":36,"s:86:4:89:Infinity":37,"s:92:0:92:Infinity":38,"f:92:28:92:29":10,"s:92:67:92:Infinity":39,"s:93:0:93:Infinity":40,"s:96:24:96:Infinity":41}}}
,"/Users/sajidpatel/Sites/MageOS-env/mageos/app/code/SajidPatel/HyvaFlow/view/frontend/web/src/core.ts": {"path":"/Users/sajidpatel/Sites/MageOS-env/mageos/app/code/SajidPatel/HyvaFlow/view/frontend/web/src/core.ts","statementMap":{"0":{"start":{"line":77,"column":16},"end":{"line":77,"column":null}},"1":{"start":{"line":78,"column":30},"end":{"line":124,"column":null}},"2":{"start":{"line":80,"column":12},"end":{"line":80,"column":null}},"3":{"start":{"line":83,"column":12},"end":{"line":83,"column":null}},"4":{"start":{"line":86,"column":12},"end":{"line":88,"column":null}},"5":{"start":{"line":87,"column":16},"end":{"line":87,"column":null}},"6":{"start":{"line":89,"column":12},"end":{"line":89,"column":null}},"7":{"start":{"line":90,"column":12},"end":{"line":90,"column":null}},"8":{"start":{"line":91,"column":12},"end":{"line":91,"column":null}},"9":{"start":{"line":93,"column":37},"end":{"line":93,"column":null}},"10":{"start":{"line":95,"column":12},"end":{"line":95,"column":null}},"11":{"start":{"line":96,"column":12},"end":{"line":96,"column":null}},"12":{"start":{"line":98,"column":13},"end":{"line":98,"column":null}},"13":{"start":{"line":100,"column":12},"end":{"line":103,"column":null}},"14":{"start":{"line":101,"column":16},"end":{"line":101,"column":null}},"15":{"start":{"line":102,"column":16},"end":{"line":102,"column":null}},"16":{"start":{"line":104,"column":12},"end":{"line":104,"column":null}},"17":{"start":{"line":106,"column":20},"end":{"line":106,"column":null}},"18":{"start":{"line":109,"column":32},"end":{"line":109,"column":null}},"19":{"start":{"line":110,"column":24},"end":{"line":110,"column":null}},"20":{"start":{"line":112,"column":26},"end":{"line":115,"column":null}},"21":{"start":{"line":117,"column":12},"end":{"line":119,"column":null}},"22":{"start":{"line":118,"column":16},"end":{"line":118,"column":null}},"23":{"start":{"line":120,"column":12},"end":{"line":122,"column":null}},"24":{"start":{"line":126,"column":27},"end":{"line":126,"column":null}},"25":{"start":{"line":128,"column":28},"end":{"line":137,"column":null}},"26":{"start":{"line":129,"column":8},"end":{"line":131,"column":null}},"27":{"start":{"line":130,"column":12},"end":{"line":130,"column":null}},"28":{"start":{"line":132,"column":8},"end":{"line":132,"column":null}},"29":{"start":{"line":133,"column":8},"end":{"line":133,"column":null}},"30":{"start":{"line":134,"column":8},"end":{"line":134,"column":null}},"31":{"start":{"line":135,"column":8},"end":{"line":135,"column":null}},"32":{"start":{"line":136,"column":8},"end":{"line":136,"column":null}},"33":{"start":{"line":139,"column":30},"end":{"line":156,"column":null}},"34":{"start":{"line":143,"column":12},"end":{"line":145,"column":null}},"35":{"start":{"line":144,"column":16},"end":{"line":144,"column":null}},"36":{"start":{"line":146,"column":12},"end":{"line":146,"column":null}},"37":{"start":{"line":147,"column":12},"end":{"line":147,"column":null}},"38":{"start":{"line":150,"column":12},"end":{"line":152,"column":null}},"39":{"start":{"line":151,"column":16},"end":{"line":151,"column":null}},"40":{"start":{"line":153,"column":12},"end":{"line":153,"column":null}},"41":{"start":{"line":154,"column":13},"end":{"line":154,"column":null}},"42":{"start":{"line":158,"column":63},"end":{"line":177,"column":null}},"43":{"start":{"line":159,"column":8},"end":{"line":162,"column":null}},"44":{"start":{"line":160,"column":12},"end":{"line":160,"column":null}},"45":{"start":{"line":161,"column":12},"end":{"line":161,"column":null}},"46":{"start":{"line":163,"column":8},"end":{"line":166,"column":null}},"47":{"start":{"line":164,"column":12},"end":{"line":164,"column":null}},"48":{"start":{"line":165,"column":12},"end":{"line":165,"column":null}},"49":{"start":{"line":167,"column":8},"end":{"line":176,"column":null}},"50":{"start":{"line":168,"column":28},"end":{"line":168,"column":null}},"51":{"start":{"line":169,"column":12},"end":{"line":169,"column":null}},"52":{"start":{"line":170,"column":12},"end":{"line":170,"column":null}},"53":{"start":{"line":172,"column":12},"end":{"line":172,"column":null}},"54":{"start":{"line":173,"column":12},"end":{"line":175,"column":null}},"55":{"start":{"line":174,"column":16},"end":{"line":174,"column":null}},"56":{"start":{"line":179,"column":25},"end":{"line":187,"column":null}},"57":{"start":{"line":180,"column":8},"end":{"line":182,"column":null}},"58":{"start":{"line":181,"column":12},"end":{"line":181,"column":null}},"59":{"start":{"line":183,"column":8},"end":{"line":185,"column":null}},"60":{"start":{"line":184,"column":12},"end":{"line":184,"column":null}},"61":{"start":{"line":186,"column":8},"end":{"line":186,"column":null}},"62":{"start":{"line":189,"column":33},"end":{"line":204,"column":null}},"63":{"start":{"line":190,"column":8},"end":{"line":202,"column":null}},"64":{"start":{"line":191,"column":12},"end":{"line":200,"column":null}},"65":{"start":{"line":199,"column":16},"end":{"line":199,"column":null}},"66":{"start":{"line":201,"column":12},"end":{"line":201,"column":null}},"67":{"start":{"line":203,"column":8},"end":{"line":203,"column":null}},"68":{"start":{"line":206,"column":4},"end":{"line":210,"column":null}},"69":{"start":{"line":208,"column":40},"end":{"line":208,"column":null}},"70":{"start":{"line":209,"column":20},"end":{"line":209,"column":null}},"71":{"start":{"line":212,"column":4},"end":{"line":220,"column":null}},"72":{"start":{"line":213,"column":8},"end":{"line":216,"column":null}},"73":{"start":{"line":214,"column":12},"end":{"line":214,"column":null}},"74":{"start":{"line":215,"column":12},"end":{"line":215,"column":null}},"75":{"start":{"line":217,"column":30},"end":{"line":217,"column":null}},"76":{"start":{"line":218,"column":8},"end":{"line":218,"column":null}},"77":{"start":{"line":218,"column":53},"end":{"line":218,"column":99}},"78":{"start":{"line":219,"column":8},"end":{"line":219,"column":null}},"79":{"start":{"line":222,"column":4},"end":{"line":222,"column":null}},"80":{"start":{"line":223,"column":4},"end":{"line":223,"column":null}},"81":{"start":{"line":225,"column":4},"end":{"line":225,"column":null}},"82":{"start":{"line":229,"column":16},"end":{"line":229,"column":null}},"83":{"start":{"line":230,"column":4},"end":{"line":232,"column":null}},"84":{"start":{"line":231,"column":8},"end":{"line":231,"column":null}},"85":{"start":{"line":234,"column":4},"end":{"line":238,"column":null}},"86":{"start":{"line":235,"column":8},"end":{"line":235,"column":null}},"87":{"start":{"line":236,"column":8},"end":{"line":236,"column":null}},"88":{"start":{"line":237,"column":8},"end":{"line":237,"column":null}}},"fnMap":{"0":{"name":"createHyvaFlowCore","decl":{"start":{"line":76,"column":16},"end":{"line":76,"column":51}},"loc":{"start":{"line":76,"column":51},"end":{"line":226,"column":null}},"line":76},"1":{"name":"(anonymous_1)","decl":{"start":{"line":79,"column":17},"end":{"line":79,"column":18}},"loc":{"start":{"line":79,"column":36},"end":{"line":81,"column":null}},"line":79},"2":{"name":"(anonymous_2)","decl":{"start":{"line":82,"column":23},"end":{"line":82,"column":24}},"loc":{"start":{"line":82,"column":42},"end":{"line":84,"column":null}},"line":82},"3":{"name":"(anonymous_3)","decl":{"start":{"line":85,"column":26},"end":{"line":85,"column":27}},"loc":{"start":{"line":85,"column":51},"end":{"line":92,"column":null}},"line":85},"4":{"name":"(anonymous_4)","decl":{"start":{"line":93,"column":12},"end":{"line":93,"column":13}},"loc":{"start":{"line":93,"column":37},"end":{"line":93,"column":null}},"line":93},"5":{"name":"(anonymous_5)","decl":{"start":{"line":94,"column":13},"end":{"line":94,"column":14}},"loc":{"start":{"line":94,"column":38},"end":{"line":97,"column":null}},"line":94},"6":{"name":"(anonymous_6)","decl":{"start":{"line":98,"column":12},"end":{"line":98,"column":13}},"loc":{"start":{"line":98,"column":13},"end":{"line":98,"column":null}},"line":98},"7":{"name":"(anonymous_7)","decl":{"start":{"line":99,"column":15},"end":{"line":99,"column":16}},"loc":{"start":{"line":99,"column":36},"end":{"line":105,"column":null}},"line":99},"8":{"name":"(anonymous_8)","decl":{"start":{"line":106,"column":14},"end":{"line":106,"column":20}},"loc":{"start":{"line":106,"column":20},"end":{"line":106,"column":null}},"line":106},"9":{"name":"(anonymous_9)","decl":{"start":{"line":108,"column":22},"end":{"line":108,"column":28}},"loc":{"start":{"line":108,"column":28},"end":{"line":108,"column":null}},"line":108},"10":{"name":"(anonymous_10)","decl":{"start":{"line":109,"column":26},"end":{"line":109,"column":32}},"loc":{"start":{"line":109,"column":32},"end":{"line":109,"column":null}},"line":109},"11":{"name":"(anonymous_11)","decl":{"start":{"line":110,"column":18},"end":{"line":110,"column":24}},"loc":{"start":{"line":110,"column":24},"end":{"line":110,"column":null}},"line":110},"12":{"name":"(anonymous_12)","decl":{"start":{"line":112,"column":19},"end":{"line":112,"column":26}},"loc":{"start":{"line":112,"column":26},"end":{"line":115,"column":null}},"line":112},"13":{"name":"(anonymous_13)","decl":{"start":{"line":116,"column":19},"end":{"line":116,"column":20}},"loc":{"start":{"line":116,"column":32},"end":{"line":123,"column":null}},"line":116},"14":{"name":"(anonymous_14)","decl":{"start":{"line":128,"column":28},"end":{"line":128,"column":29}},"loc":{"start":{"line":128,"column":45},"end":{"line":137,"column":null}},"line":128},"15":{"name":"(anonymous_15)","decl":{"start":{"line":142,"column":21},"end":{"line":142,"column":22}},"loc":{"start":{"line":142,"column":40},"end":{"line":148,"column":null}},"line":142},"16":{"name":"(anonymous_16)","decl":{"start":{"line":149,"column":24},"end":{"line":149,"column":25}},"loc":{"start":{"line":149,"column":39},"end":{"line":155,"column":null}},"line":149},"17":{"name":"(anonymous_17)","decl":{"start":{"line":158,"column":63},"end":{"line":158,"column":64}},"loc":{"start":{"line":158,"column":86},"end":{"line":177,"column":null}},"line":158},"18":{"name":"(anonymous_18)","decl":{"start":{"line":179,"column":25},"end":{"line":179,"column":26}},"loc":{"start":{"line":179,"column":45},"end":{"line":187,"column":null}},"line":179},"19":{"name":"(anonymous_19)","decl":{"start":{"line":189,"column":33},"end":{"line":189,"column":34}},"loc":{"start":{"line":189,"column":76},"end":{"line":204,"column":null}},"line":189},"20":{"name":"(anonymous_20)","decl":{"start":{"line":208,"column":22},"end":{"line":208,"column":23}},"loc":{"start":{"line":208,"column":40},"end":{"line":208,"column":null}},"line":208},"21":{"name":"(anonymous_21)","decl":{"start":{"line":209,"column":14},"end":{"line":209,"column":20}},"loc":{"start":{"line":209,"column":20},"end":{"line":209,"column":null}},"line":209},"22":{"name":"(anonymous_22)","decl":{"start":{"line":212,"column":15},"end":{"line":212,"column":16}},"loc":{"start":{"line":212,"column":42},"end":{"line":220,"column":null}},"line":212},"23":{"name":"(anonymous_23)","decl":{"start":{"line":218,"column":40},"end":{"line":218,"column":41}},"loc":{"start":{"line":218,"column":53},"end":{"line":218,"column":99}},"line":218},"24":{"name":"bootHyvaFlowCore","decl":{"start":{"line":228,"column":16},"end":{"line":228,"column":35}},"loc":{"start":{"line":228,"column":35},"end":{"line":239,"column":null}},"line":228}},"branchMap":{"0":{"loc":{"start":{"line":86,"column":12},"end":{"line":88,"column":null}},"type":"if","locations":[{"start":{"line":86,"column":12},"end":{"line":88,"column":null}},{"start":{},"end":{}}],"line":86},"1":{"loc":{"start":{"line":86,"column":16},"end":{"line":86,"column":62}},"type":"binary-expr","locations":[{"start":{"line":86,"column":16},"end":{"line":86,"column":30}},{"start":{"line":86,"column":30},"end":{"line":86,"column":62}}],"line":86},"2":{"loc":{"start":{"line":100,"column":12},"end":{"line":103,"column":null}},"type":"if","locations":[{"start":{"line":100,"column":12},"end":{"line":103,"column":null}},{"start":{},"end":{}}],"line":100},"3":{"loc":{"start":{"line":102,"column":39},"end":{"line":102,"column":69}},"type":"cond-expr","locations":[{"start":{"line":102,"column":47},"end":{"line":102,"column":59}},{"start":{"line":102,"column":59},"end":{"line":102,"column":69}}],"line":102},"4":{"loc":{"start":{"line":117,"column":12},"end":{"line":119,"column":null}},"type":"if","locations":[{"start":{"line":117,"column":12},"end":{"line":119,"column":null}},{"start":{},"end":{}}],"line":117},"5":{"loc":{"start":{"line":129,"column":8},"end":{"line":131,"column":null}},"type":"if","locations":[{"start":{"line":129,"column":8},"end":{"line":131,"column":null}},{"start":{},"end":{}}],"line":129},"6":{"loc":{"start":{"line":143,"column":12},"end":{"line":145,"column":null}},"type":"if","locations":[{"start":{"line":143,"column":12},"end":{"line":145,"column":null}},{"start":{},"end":{}}],"line":143},"7":{"loc":{"start":{"line":150,"column":12},"end":{"line":152,"column":null}},"type":"if","locations":[{"start":{"line":150,"column":12},"end":{"line":152,"column":null}},{"start":{},"end":{}}],"line":150},"8":{"loc":{"start":{"line":159,"column":8},"end":{"line":162,"column":null}},"type":"if","locations":[{"start":{"line":159,"column":8},"end":{"line":162,"column":null}},{"start":{},"end":{}}],"line":159},"9":{"loc":{"start":{"line":159,"column":12},"end":{"line":159,"column":56}},"type":"binary-expr","locations":[{"start":{"line":159,"column":12},"end":{"line":159,"column":21}},{"start":{"line":159,"column":21},"end":{"line":159,"column":56}}],"line":159},"10":{"loc":{"start":{"line":163,"column":8},"end":{"line":166,"column":null}},"type":"if","locations":[{"start":{"line":163,"column":8},"end":{"line":166,"column":null}},{"start":{},"end":{}}],"line":163},"11":{"loc":{"start":{"line":168,"column":28},"end":{"line":168,"column":null}},"type":"binary-expr","locations":[{"start":{"line":168,"column":28},"end":{"line":168,"column":62}},{"start":{"line":168,"column":62},"end":{"line":168,"column":null}}],"line":168},"12":{"loc":{"start":{"line":173,"column":12},"end":{"line":175,"column":null}},"type":"if","locations":[{"start":{"line":173,"column":12},"end":{"line":175,"column":null}},{"start":{},"end":{}}],"line":173},"13":{"loc":{"start":{"line":173,"column":16},"end":{"line":173,"column":87}},"type":"binary-expr","locations":[{"start":{"line":173,"column":16},"end":{"line":173,"column":50}},{"start":{"line":173,"column":50},"end":{"line":173,"column":87}}],"line":173},"14":{"loc":{"start":{"line":180,"column":8},"end":{"line":182,"column":null}},"type":"if","locations":[{"start":{"line":180,"column":8},"end":{"line":182,"column":null}},{"start":{},"end":{}}],"line":180},"15":{"loc":{"start":{"line":183,"column":8},"end":{"line":185,"column":null}},"type":"if","locations":[{"start":{"line":183,"column":8},"end":{"line":185,"column":null}},{"start":{},"end":{}}],"line":183},"16":{"loc":{"start":{"line":183,"column":12},"end":{"line":183,"column":48}},"type":"binary-expr","locations":[{"start":{"line":183,"column":12},"end":{"line":183,"column":21}},{"start":{"line":183,"column":21},"end":{"line":183,"column":48}}],"line":183},"17":{"loc":{"start":{"line":190,"column":8},"end":{"line":202,"column":null}},"type":"if","locations":[{"start":{"line":190,"column":8},"end":{"line":202,"column":null}},{"start":{},"end":{}}],"line":190},"18":{"loc":{"start":{"line":191,"column":12},"end":{"line":200,"column":null}},"type":"if","locations":[{"start":{"line":191,"column":12},"end":{"line":200,"column":null}},{"start":{},"end":{}}],"line":191},"19":{"loc":{"start":{"line":192,"column":16},"end":{"line":197,"column":null}},"type":"binary-expr","locations":[{"start":{"line":192,"column":16},"end":{"line":192,"column":null}},{"start":{"line":193,"column":16},"end":{"line":193,"column":null}},{"start":{"line":194,"column":16},"end":{"line":194,"column":null}},{"start":{"line":195,"column":16},"end":{"line":195,"column":null}},{"start":{"line":196,"column":16},"end":{"line":196,"column":null}},{"start":{"line":197,"column":16},"end":{"line":197,"column":null}}],"line":192},"20":{"loc":{"start":{"line":213,"column":8},"end":{"line":216,"column":null}},"type":"if","locations":[{"start":{"line":213,"column":8},"end":{"line":216,"column":null}},{"start":{},"end":{}}],"line":213},"21":{"loc":{"start":{"line":213,"column":12},"end":{"line":213,"column":93}},"type":"binary-expr","locations":[{"start":{"line":213,"column":12},"end":{"line":213,"column":27}},{"start":{"line":213,"column":27},"end":{"line":213,"column":47}},{"start":{"line":213,"column":47},"end":{"line":213,"column":93}}],"line":213},"22":{"loc":{"start":{"line":230,"column":4},"end":{"line":232,"column":null}},"type":"if","locations":[{"start":{"line":230,"column":4},"end":{"line":232,"column":null}},{"start":{},"end":{}}],"line":230},"23":{"loc":{"start":{"line":234,"column":4},"end":{"line":238,"column":null}},"type":"if","locations":[{"start":{"line":234,"column":4},"end":{"line":238,"column":null}},{"start":{},"end":{}}],"line":234}},"s":{"0":29,"1":29,"2":2,"3":0,"4":3,"5":0,"6":3,"7":3,"8":3,"9":3,"10":0,"11":0,"12":0,"13":8,"14":4,"15":4,"16":8,"17":0,"18":0,"19":0,"20":1,"21":2,"22":1,"23":2,"24":29,"25":29,"26":31,"27":0,"28":31,"29":31,"30":31,"31":31,"32":31,"33":29,"34":2,"35":1,"36":1,"37":1,"38":2,"39":1,"40":1,"41":1,"42":29,"43":10,"44":1,"45":1,"46":9,"47":2,"48":2,"49":7,"50":7,"51":10,"52":10,"53":1,"54":1,"55":1,"56":29,"57":1,"58":0,"59":1,"60":0,"61":1,"62":29,"63":2,"64":1,"65":1,"66":0,"67":1,"68":29,"69":0,"70":3,"71":29,"72":2,"73":0,"74":0,"75":2,"76":2,"77":2,"78":2,"79":29,"80":29,"81":29,"82":13,"83":13,"84":12,"85":13,"86":12,"87":12,"88":12},"f":{"0":29,"1":2,"2":0,"3":3,"4":3,"5":0,"6":0,"7":8,"8":0,"9":0,"10":0,"11":0,"12":1,"13":2,"14":31,"15":2,"16":2,"17":10,"18":1,"19":2,"20":0,"21":3,"22":2,"23":2,"24":13},"b":{"0":[0,3],"1":[3,3],"2":[4,4],"3":[3,1],"4":[1,1],"5":[0,31],"6":[1,1],"7":[1,1],"8":[1,9],"9":[10,9],"10":[2,7],"11":[7,6],"12":[1,0],"13":[1,1],"14":[0,1],"15":[0,1],"16":[1,0],"17":[1,1],"18":[1,0],"19":[1,1,1,1,1,1],"20":[0,2],"21":[2,2,2],"22":[12,1],"23":[12,1]},"meta":{"lastBranch":24,"lastFunction":25,"lastStatement":89,"seen":{"f:76:16:76:51":0,"s:77:16:77:Infinity":0,"s:78:30:124:Infinity":1,"f:79:17:79:18":1,"s:80:12:80:Infinity":2,"f:82:23:82:24":2,"s:83:12:83:Infinity":3,"f:85:26:85:27":3,"b:86:12:88:Infinity:undefined:undefined:undefined:undefined":0,"s:86:12:88:Infinity":4,"b:86:16:86:30:86:30:86:62":1,"s:87:16:87:Infinity":5,"s:89:12:89:Infinity":6,"s:90:12:90:Infinity":7,"s:91:12:91:Infinity":8,"f:93:12:93:13":4,"s:93:37:93:Infinity":9,"f:94:13:94:14":5,"s:95:12:95:Infinity":10,"s:96:12:96:Infinity":11,"f:98:12:98:13":6,"s:98:13:98:Infinity":12,"f:99:15:99:16":7,"b:100:12:103:Infinity:undefined:undefined:undefined:undefined":2,"s:100:12:103:Infinity":13,"s:101:16:101:Infinity":14,"s:102:16:102:Infinity":15,"b:102:47:102:59:102:59:102:69":3,"s:104:12:104:Infinity":16,"f:106:14:106:20":8,"s:106:20:106:Infinity":17,"f:108:22:108:28":9,"f:109:26:109:32":10,"s:109:32:109:Infinity":18,"f:110:18:110:24":11,"s:110:24:110:Infinity":19,"f:112:19:112:26":12,"s:112:26:115:Infinity":20,"f:116:19:116:20":13,"b:117:12:119:Infinity:undefined:undefined:undefined:undefined":4,"s:117:12:119:Infinity":21,"s:118:16:118:Infinity":22,"s:120:12:122:Infinity":23,"s:126:27:126:Infinity":24,"s:128:28:137:Infinity":25,"f:128:28:128:29":14,"b:129:8:131:Infinity:undefined:undefined:undefined:undefined":5,"s:129:8:131:Infinity":26,"s:130:12:130:Infinity":27,"s:132:8:132:Infinity":28,"s:133:8:133:Infinity":29,"s:134:8:134:Infinity":30,"s:135:8:135:Infinity":31,"s:136:8:136:Infinity":32,"s:139:30:156:Infinity":33,"f:142:21:142:22":15,"b:143:12:145:Infinity:undefined:undefined:undefined:undefined":6,"s:143:12:145:Infinity":34,"s:144:16:144:Infinity":35,"s:146:12:146:Infinity":36,"s:147:12:147:Infinity":37,"f:149:24:149:25":16,"b:150:12:152:Infinity:undefined:undefined:undefined:undefined":7,"s:150:12:152:Infinity":38,"s:151:16:151:Infinity":39,"s:153:12:153:Infinity":40,"s:154:13:154:Infinity":41,"s:158:63:177:Infinity":42,"f:158:63:158:64":17,"b:159:8:162:Infinity:undefined:undefined:undefined:undefined":8,"s:159:8:162:Infinity":43,"b:159:12:159:21:159:21:159:56":9,"s:160:12:160:Infinity":44,"s:161:12:161:Infinity":45,"b:163:8:166:Infinity:undefined:undefined:undefined:undefined":10,"s:163:8:166:Infinity":46,"s:164:12:164:Infinity":47,"s:165:12:165:Infinity":48,"s:167:8:176:Infinity":49,"s:168:28:168:Infinity":50,"b:168:28:168:62:168:62:168:Infinity":11,"s:169:12:169:Infinity":51,"s:170:12:170:Infinity":52,"s:172:12:172:Infinity":53,"b:173:12:175:Infinity:undefined:undefined:undefined:undefined":12,"s:173:12:175:Infinity":54,"b:173:16:173:50:173:50:173:87":13,"s:174:16:174:Infinity":55,"s:179:25:187:Infinity":56,"f:179:25:179:26":18,"b:180:8:182:Infinity:undefined:undefined:undefined:undefined":14,"s:180:8:182:Infinity":57,"s:181:12:181:Infinity":58,"b:183:8:185:Infinity:undefined:undefined:undefined:undefined":15,"s:183:8:185:Infinity":59,"b:183:12:183:21:183:21:183:48":16,"s:184:12:184:Infinity":60,"s:186:8:186:Infinity":61,"s:189:33:204:Infinity":62,"f:189:33:189:34":19,"b:190:8:202:Infinity:undefined:undefined:undefined:undefined":17,"s:190:8:202:Infinity":63,"b:191:12:200:Infinity:undefined:undefined:undefined:undefined":18,"s:191:12:200:Infinity":64,"b:192:16:192:Infinity:193:16:193:Infinity:194:16:194:Infinity:195:16:195:Infinity:196:16:196:Infinity:197:16:197:Infinity":19,"s:199:16:199:Infinity":65,"s:201:12:201:Infinity":66,"s:203:8:203:Infinity":67,"s:206:4:210:Infinity":68,"f:208:22:208:23":20,"s:208:40:208:Infinity":69,"f:209:14:209:20":21,"s:209:20:209:Infinity":70,"s:212:4:220:Infinity":71,"f:212:15:212:16":22,"b:213:8:216:Infinity:undefined:undefined:undefined:undefined":20,"s:213:8:216:Infinity":72,"b:213:12:213:27:213:27:213:47:213:47:213:93":21,"s:214:12:214:Infinity":73,"s:215:12:215:Infinity":74,"s:217:30:217:Infinity":75,"s:218:8:218:Infinity":76,"f:218:40:218:41":23,"s:218:53:218:99":77,"s:219:8:219:Infinity":78,"s:222:4:222:Infinity":79,"s:223:4:223:Infinity":80,"s:225:4:225:Infinity":81,"f:228:16:228:35":24,"s:229:16:229:Infinity":82,"b:230:4:232:Infinity:undefined:undefined:undefined:undefined":22,"s:230:4:232:Infinity":83,"s:231:8:231:Infinity":84,"b:234:4:238:Infinity:undefined:undefined:undefined:undefined":23,"s:234:4:238:Infinity":85,"s:235:8:235:Infinity":86,"s:236:8:236:Infinity":87,"s:237:8:237:Infinity":88}}}
,"/Users/sajidpatel/Sites/MageOS-env/mageos/app/code/SajidPatel/HyvaFlow/view/frontend/web/src/domHelpers.ts": {"path":"/Users/sajidpatel/Sites/MageOS-env/mageos/app/code/SajidPatel/HyvaFlow/view/frontend/web/src/domHelpers.ts","statementMap":{"0":{"start":{"line":18,"column":26},"end":{"line":18,"column":null}},"1":{"start":{"line":19,"column":22},"end":{"line":19,"column":null}},"2":{"start":{"line":20,"column":86},"end":{"line":20,"column":null}},"3":{"start":{"line":21,"column":26},"end":{"line":21,"column":null}},"4":{"start":{"line":23,"column":18},"end":{"line":23,"column":null}},"5":{"start":{"line":26,"column":28},"end":{"line":26,"column":null}},"6":{"start":{"line":27,"column":4},"end":{"line":29,"column":null}},"7":{"start":{"line":28,"column":8},"end":{"line":28,"column":null}},"8":{"start":{"line":30,"column":4},"end":{"line":32,"column":null}},"9":{"start":{"line":31,"column":8},"end":{"line":31,"column":null}},"10":{"start":{"line":34,"column":4},"end":{"line":36,"column":null}},"11":{"start":{"line":35,"column":8},"end":{"line":35,"column":null}},"12":{"start":{"line":37,"column":4},"end":{"line":39,"column":null}},"13":{"start":{"line":38,"column":8},"end":{"line":38,"column":null}},"14":{"start":{"line":40,"column":4},"end":{"line":42,"column":null}},"15":{"start":{"line":41,"column":8},"end":{"line":41,"column":null}},"16":{"start":{"line":43,"column":4},"end":{"line":45,"column":null}},"17":{"start":{"line":44,"column":8},"end":{"line":44,"column":null}},"18":{"start":{"line":46,"column":4},"end":{"line":46,"column":null}},"19":{"start":{"line":50,"column":4},"end":{"line":52,"column":null}},"20":{"start":{"line":51,"column":8},"end":{"line":51,"column":null}},"21":{"start":{"line":53,"column":19},"end":{"line":55,"column":null}},"22":{"start":{"line":56,"column":4},"end":{"line":58,"column":null}},"23":{"start":{"line":57,"column":8},"end":{"line":57,"column":null}},"24":{"start":{"line":59,"column":4},"end":{"line":59,"column":null}},"25":{"start":{"line":63,"column":43},"end":{"line":63,"column":null}},"26":{"start":{"line":64,"column":4},"end":{"line":68,"column":null}},"27":{"start":{"line":69,"column":4},"end":{"line":73,"column":null}},"28":{"start":{"line":74,"column":4},"end":{"line":74,"column":null}},"29":{"start":{"line":75,"column":4},"end":{"line":75,"column":null}},"30":{"start":{"line":76,"column":4},"end":{"line":76,"column":null}},"31":{"start":{"line":80,"column":4},"end":{"line":82,"column":null}},"32":{"start":{"line":81,"column":8},"end":{"line":81,"column":null}},"33":{"start":{"line":83,"column":4},"end":{"line":89,"column":null}},"34":{"start":{"line":84,"column":8},"end":{"line":88,"column":null}},"35":{"start":{"line":93,"column":4},"end":{"line":93,"column":null}},"36":{"start":{"line":93,"column":55},"end":{"line":93,"column":95}},"37":{"start":{"line":96,"column":0},"end":{"line":99,"column":null}},"38":{"start":{"line":97,"column":4},"end":{"line":97,"column":null}},"39":{"start":{"line":97,"column":53},"end":{"line":97,"column":76}},"40":{"start":{"line":98,"column":4},"end":{"line":98,"column":null}},"41":{"start":{"line":98,"column":56},"end":{"line":98,"column":79}},"42":{"start":{"line":102,"column":4},"end":{"line":104,"column":null}},"43":{"start":{"line":103,"column":8},"end":{"line":103,"column":null}},"44":{"start":{"line":106,"column":4},"end":{"line":110,"column":null}},"45":{"start":{"line":107,"column":8},"end":{"line":107,"column":null}},"46":{"start":{"line":108,"column":8},"end":{"line":108,"column":null}},"47":{"start":{"line":109,"column":8},"end":{"line":109,"column":null}},"48":{"start":{"line":112,"column":21},"end":{"line":119,"column":null}},"49":{"start":{"line":113,"column":22},"end":{"line":113,"column":null}},"50":{"start":{"line":114,"column":8},"end":{"line":116,"column":null}},"51":{"start":{"line":115,"column":12},"end":{"line":115,"column":null}},"52":{"start":{"line":117,"column":31},"end":{"line":117,"column":null}},"53":{"start":{"line":118,"column":8},"end":{"line":118,"column":null}},"54":{"start":{"line":121,"column":4},"end":{"line":121,"column":null}}},"fnMap":{"0":{"name":"normalizeStack","decl":{"start":{"line":25,"column":16},"end":{"line":25,"column":31}},"loc":{"start":{"line":25,"column":64},"end":{"line":47,"column":null}},"line":25},"1":{"name":"findDelegateTarget","decl":{"start":{"line":49,"column":9},"end":{"line":49,"column":28}},"loc":{"start":{"line":49,"column":76},"end":{"line":60,"column":null}},"line":49},"2":{"name":"createDelegatedEvent","decl":{"start":{"line":62,"column":9},"end":{"line":62,"column":30}},"loc":{"start":{"line":62,"column":76},"end":{"line":77,"column":null}},"line":62},"3":{"name":"runSelectCallbacksFor","decl":{"start":{"line":79,"column":9},"end":{"line":79,"column":31}},"loc":{"start":{"line":79,"column":82},"end":{"line":90,"column":null}},"line":79},"4":{"name":"(anonymous_4)","decl":{"start":{"line":83,"column":48},"end":{"line":83,"column":49}},"loc":{"start":{"line":83,"column":58},"end":{"line":89,"column":5}},"line":83},"5":{"name":"notifySelectCallbacks","decl":{"start":{"line":92,"column":9},"end":{"line":92,"column":33}},"loc":{"start":{"line":92,"column":33},"end":{"line":94,"column":null}},"line":92},"6":{"name":"(anonymous_6)","decl":{"start":{"line":93,"column":28},"end":{"line":93,"column":29}},"loc":{"start":{"line":93,"column":55},"end":{"line":93,"column":95}},"line":93},"7":{"name":"(anonymous_7)","decl":{"start":{"line":97,"column":47},"end":{"line":97,"column":53}},"loc":{"start":{"line":97,"column":53},"end":{"line":97,"column":76}},"line":97},"8":{"name":"(anonymous_8)","decl":{"start":{"line":98,"column":50},"end":{"line":98,"column":56}},"loc":{"start":{"line":98,"column":56},"end":{"line":98,"column":79}},"line":98},"9":{"name":"registerDomListener","decl":{"start":{"line":101,"column":16},"end":{"line":101,"column":36}},"loc":{"start":{"line":101,"column":106},"end":{"line":122,"column":null}},"line":101},"10":{"name":"(anonymous_10)","decl":{"start":{"line":112,"column":21},"end":{"line":112,"column":22}},"loc":{"start":{"line":112,"column":39},"end":{"line":119,"column":null}},"line":112}},"branchMap":{"0":{"loc":{"start":{"line":18,"column":26},"end":{"line":18,"column":null}},"type":"binary-expr","locations":[{"start":{"line":18,"column":26},"end":{"line":18,"column":61}},{"start":{"line":18,"column":61},"end":{"line":18,"column":null}}],"line":18},"1":{"loc":{"start":{"line":23,"column":18},"end":{"line":23,"column":null}},"type":"binary-expr","locations":[{"start":{"line":23,"column":18},"end":{"line":23,"column":51}},{"start":{"line":23,"column":51},"end":{"line":23,"column":null}}],"line":23},"2":{"loc":{"start":{"line":26,"column":28},"end":{"line":26,"column":null}},"type":"cond-expr","locations":[{"start":{"line":26,"column":44},"end":{"line":26,"column":53}},{"start":{"line":26,"column":53},"end":{"line":26,"column":null}}],"line":26},"3":{"loc":{"start":{"line":26,"column":53},"end":{"line":26,"column":null}},"type":"cond-expr","locations":[{"start":{"line":26,"column":65},"end":{"line":26,"column":76}},{"start":{"line":26,"column":76},"end":{"line":26,"column":null}}],"line":26},"4":{"loc":{"start":{"line":27,"column":4},"end":{"line":29,"column":null}},"type":"if","locations":[{"start":{"line":27,"column":4},"end":{"line":29,"column":null}},{"start":{},"end":{}}],"line":27},"5":{"loc":{"start":{"line":27,"column":8},"end":{"line":27,"column":89}},"type":"binary-expr","locations":[{"start":{"line":27,"column":8},"end":{"line":27,"column":18}},{"start":{"line":27,"column":18},"end":{"line":27,"column":42}},{"start":{"line":27,"column":42},"end":{"line":27,"column":89}}],"line":27},"6":{"loc":{"start":{"line":30,"column":4},"end":{"line":32,"column":null}},"type":"if","locations":[{"start":{"line":30,"column":4},"end":{"line":32,"column":null}},{"start":{},"end":{}}],"line":30},"7":{"loc":{"start":{"line":34,"column":4},"end":{"line":36,"column":null}},"type":"if","locations":[{"start":{"line":34,"column":4},"end":{"line":36,"column":null}},{"start":{},"end":{}}],"line":34},"8":{"loc":{"start":{"line":34,"column":8},"end":{"line":34,"column":56}},"type":"binary-expr","locations":[{"start":{"line":34,"column":8},"end":{"line":34,"column":29}},{"start":{"line":34,"column":29},"end":{"line":34,"column":56}}],"line":34},"9":{"loc":{"start":{"line":37,"column":4},"end":{"line":39,"column":null}},"type":"if","locations":[{"start":{"line":37,"column":4},"end":{"line":39,"column":null}},{"start":{},"end":{}}],"line":37},"10":{"loc":{"start":{"line":37,"column":8},"end":{"line":37,"column":62}},"type":"binary-expr","locations":[{"start":{"line":37,"column":8},"end":{"line":37,"column":29}},{"start":{"line":37,"column":29},"end":{"line":37,"column":62}}],"line":37},"11":{"loc":{"start":{"line":40,"column":4},"end":{"line":42,"column":null}},"type":"if","locations":[{"start":{"line":40,"column":4},"end":{"line":42,"column":null}},{"start":{},"end":{}}],"line":40},"12":{"loc":{"start":{"line":43,"column":4},"end":{"line":45,"column":null}},"type":"if","locations":[{"start":{"line":43,"column":4},"end":{"line":45,"column":null}},{"start":{},"end":{}}],"line":43},"13":{"loc":{"start":{"line":43,"column":9},"end":{"line":43,"column":81}},"type":"binary-expr","locations":[{"start":{"line":43,"column":9},"end":{"line":43,"column":46}},{"start":{"line":43,"column":46},"end":{"line":43,"column":81}}],"line":43},"14":{"loc":{"start":{"line":50,"column":4},"end":{"line":52,"column":null}},"type":"if","locations":[{"start":{"line":50,"column":4},"end":{"line":52,"column":null}},{"start":{},"end":{}}],"line":50},"15":{"loc":{"start":{"line":53,"column":19},"end":{"line":55,"column":null}},"type":"cond-expr","locations":[{"start":{"line":54,"column":10},"end":{"line":54,"column":null}},{"start":{"line":55,"column":11},"end":{"line":55,"column":null}}],"line":53},"16":{"loc":{"start":{"line":55,"column":11},"end":{"line":55,"column":null}},"type":"binary-expr","locations":[{"start":{"line":55,"column":11},"end":{"line":55,"column":58}},{"start":{"line":55,"column":58},"end":{"line":55,"column":null}}],"line":55},"17":{"loc":{"start":{"line":56,"column":4},"end":{"line":58,"column":null}},"type":"if","locations":[{"start":{"line":56,"column":4},"end":{"line":58,"column":null}},{"start":{},"end":{}}],"line":56},"18":{"loc":{"start":{"line":56,"column":8},"end":{"line":56,"column":57}},"type":"binary-expr","locations":[{"start":{"line":56,"column":8},"end":{"line":56,"column":19}},{"start":{"line":56,"column":19},"end":{"line":56,"column":57}}],"line":56},"19":{"loc":{"start":{"line":75,"column":41},"end":{"line":75,"column":null}},"type":"binary-expr","locations":[{"start":{"line":75,"column":41},"end":{"line":75,"column":57}},{"start":{"line":75,"column":57},"end":{"line":75,"column":null}}],"line":75},"20":{"loc":{"start":{"line":80,"column":4},"end":{"line":82,"column":null}},"type":"if","locations":[{"start":{"line":80,"column":4},"end":{"line":82,"column":null}},{"start":{},"end":{}}],"line":80},"21":{"loc":{"start":{"line":96,"column":0},"end":{"line":99,"column":null}},"type":"if","locations":[{"start":{"line":96,"column":0},"end":{"line":99,"column":null}},{"start":{},"end":{}}],"line":96},"22":{"loc":{"start":{"line":102,"column":4},"end":{"line":104,"column":null}},"type":"if","locations":[{"start":{"line":102,"column":4},"end":{"line":104,"column":null}},{"start":{},"end":{}}],"line":102},"23":{"loc":{"start":{"line":102,"column":8},"end":{"line":102,"column":80}},"type":"binary-expr","locations":[{"start":{"line":102,"column":8},"end":{"line":102,"column":22}},{"start":{"line":102,"column":22},"end":{"line":102,"column":36}},{"start":{"line":102,"column":36},"end":{"line":102,"column":49}},{"start":{"line":102,"column":49},"end":{"line":102,"column":80}}],"line":102},"24":{"loc":{"start":{"line":106,"column":4},"end":{"line":110,"column":null}},"type":"if","locations":[{"start":{"line":106,"column":4},"end":{"line":110,"column":null}},{"start":{},"end":{}}],"line":106},"25":{"loc":{"start":{"line":114,"column":8},"end":{"line":116,"column":null}},"type":"if","locations":[{"start":{"line":114,"column":8},"end":{"line":116,"column":null}},{"start":{},"end":{}}],"line":114}},"s":{"0":4,"1":4,"2":4,"3":4,"4":4,"5":32,"6":32,"7":0,"8":32,"9":1,"10":31,"11":1,"12":30,"13":0,"14":30,"15":19,"16":11,"17":11,"18":0,"19":2,"20":0,"21":2,"22":2,"23":0,"24":2,"25":2,"26":2,"27":2,"28":2,"29":2,"30":2,"31":2,"32":0,"33":2,"34":5,"35":2,"36":1,"37":4,"38":3,"39":2,"40":3,"41":0,"42":3,"43":0,"44":3,"45":1,"46":1,"47":1,"48":2,"49":2,"50":2,"51":0,"52":2,"53":2,"54":2},"f":{"0":32,"1":2,"2":2,"3":2,"4":5,"5":2,"6":1,"7":2,"8":0,"9":3,"10":2},"b":{"0":[4,4],"1":[4,3],"2":[20,12],"3":[11,1],"4":[0,32],"5":[32,20,0],"6":[1,31],"7":[1,30],"8":[31,31],"9":[0,30],"10":[30,30],"11":[19,11],"12":[11,0],"13":[11,11],"14":[0,2],"15":[2,0],"16":[0,0],"17":[0,2],"18":[2,2],"19":[2,0],"20":[0,2],"21":[3,1],"22":[0,3],"23":[3,3,3,3],"24":[1,2],"25":[0,2]},"meta":{"lastBranch":26,"lastFunction":11,"lastStatement":55,"seen":{"s:18:26:18:Infinity":0,"b:18:26:18:61:18:61:18:Infinity":0,"s:19:22:19:Infinity":1,"s:20:86:20:Infinity":2,"s:21:26:21:Infinity":3,"s:23:18:23:Infinity":4,"b:23:18:23:51:23:51:23:Infinity":1,"f:25:16:25:31":0,"s:26:28:26:Infinity":5,"b:26:44:26:53:26:53:26:Infinity":2,"b:26:65:26:76:26:76:26:Infinity":3,"b:27:4:29:Infinity:undefined:undefined:undefined:undefined":4,"s:27:4:29:Infinity":6,"b:27:8:27:18:27:18:27:42:27:42:27:89":5,"s:28:8:28:Infinity":7,"b:30:4:32:Infinity:undefined:undefined:undefined:undefined":6,"s:30:4:32:Infinity":8,"s:31:8:31:Infinity":9,"b:34:4:36:Infinity:undefined:undefined:undefined:undefined":7,"s:34:4:36:Infinity":10,"b:34:8:34:29:34:29:34:56":8,"s:35:8:35:Infinity":11,"b:37:4:39:Infinity:undefined:undefined:undefined:undefined":9,"s:37:4:39:Infinity":12,"b:37:8:37:29:37:29:37:62":10,"s:38:8:38:Infinity":13,"b:40:4:42:Infinity:undefined:undefined:undefined:undefined":11,"s:40:4:42:Infinity":14,"s:41:8:41:Infinity":15,"b:43:4:45:Infinity:undefined:undefined:undefined:undefined":12,"s:43:4:45:Infinity":16,"b:43:9:43:46:43:46:43:81":13,"s:44:8:44:Infinity":17,"s:46:4:46:Infinity":18,"f:49:9:49:28":1,"b:50:4:52:Infinity:undefined:undefined:undefined:undefined":14,"s:50:4:52:Infinity":19,"s:51:8:51:Infinity":20,"s:53:19:55:Infinity":21,"b:54:10:54:Infinity:55:11:55:Infinity":15,"b:55:11:55:58:55:58:55:Infinity":16,"b:56:4:58:Infinity:undefined:undefined:undefined:undefined":17,"s:56:4:58:Infinity":22,"b:56:8:56:19:56:19:56:57":18,"s:57:8:57:Infinity":23,"s:59:4:59:Infinity":24,"f:62:9:62:30":2,"s:63:43:63:Infinity":25,"s:64:4:68:Infinity":26,"s:69:4:73:Infinity":27,"s:74:4:74:Infinity":28,"s:75:4:75:Infinity":29,"b:75:41:75:57:75:57:75:Infinity":19,"s:76:4:76:Infinity":30,"f:79:9:79:31":3,"b:80:4:82:Infinity:undefined:undefined:undefined:undefined":20,"s:80:4:82:Infinity":31,"s:81:8:81:Infinity":32,"s:83:4:89:Infinity":33,"f:83:48:83:49":4,"s:84:8:88:Infinity":34,"f:92:9:92:33":5,"s:93:4:93:Infinity":35,"f:93:28:93:29":6,"s:93:55:93:95":36,"b:96:0:99:Infinity:undefined:undefined:undefined:undefined":21,"s:96:0:99:Infinity":37,"s:97:4:97:Infinity":38,"f:97:47:97:53":7,"s:97:53:97:76":39,"s:98:4:98:Infinity":40,"f:98:50:98:56":8,"s:98:56:98:79":41,"f:101:16:101:36":9,"b:102:4:104:Infinity:undefined:undefined:undefined:undefined":22,"s:102:4:104:Infinity":42,"b:102:8:102:22:102:22:102:36:102:36:102:49:102:49:102:80":23,"s:103:8:103:Infinity":43,"b:106:4:110:Infinity:undefined:undefined:undefined:undefined":24,"s:106:4:110:Infinity":44,"s:107:8:107:Infinity":45,"s:108:8:108:Infinity":46,"s:109:8:109:Infinity":47,"s:112:21:119:Infinity":48,"f:112:21:112:22":10,"s:113:22:113:Infinity":49,"b:114:8:116:Infinity:undefined:undefined:undefined:undefined":25,"s:114:8:116:Infinity":50,"s:115:12:115:Infinity":51,"s:117:31:117:Infinity":52,"s:118:8:118:Infinity":53,"s:121:4:121:Infinity":54}}}
,"/Users/sajidpatel/Sites/MageOS-env/mageos/app/code/SajidPatel/HyvaFlow/view/frontend/web/src/eventBus.ts": {"path":"/Users/sajidpatel/Sites/MageOS-env/mageos/app/code/SajidPatel/HyvaFlow/view/frontend/web/src/eventBus.ts","statementMap":{"0":{"start":{"line":24,"column":23},"end":{"line":24,"column":null}},"1":{"start":{"line":25,"column":20},"end":{"line":25,"column":null}},"2":{"start":{"line":27,"column":21},"end":{"line":27,"column":null}},"3":{"start":{"line":28,"column":19},"end":{"line":28,"column":null}},"4":{"start":{"line":29,"column":50},"end":{"line":30,"column":null}},"5":{"start":{"line":31,"column":19},"end":{"line":31,"column":null}},"6":{"start":{"line":33,"column":27},"end":{"line":41,"column":null}},"7":{"start":{"line":34,"column":4},"end":{"line":36,"column":null}},"8":{"start":{"line":35,"column":8},"end":{"line":35,"column":null}},"9":{"start":{"line":37,"column":4},"end":{"line":39,"column":null}},"10":{"start":{"line":38,"column":8},"end":{"line":38,"column":null}},"11":{"start":{"line":40,"column":4},"end":{"line":40,"column":null}},"12":{"start":{"line":44,"column":4},"end":{"line":46,"column":null}},"13":{"start":{"line":45,"column":8},"end":{"line":45,"column":null}},"14":{"start":{"line":50,"column":4},"end":{"line":52,"column":null}},"15":{"start":{"line":51,"column":8},"end":{"line":51,"column":null}},"16":{"start":{"line":53,"column":4},"end":{"line":55,"column":null}},"17":{"start":{"line":54,"column":8},"end":{"line":54,"column":null}},"18":{"start":{"line":56,"column":4},"end":{"line":58,"column":null}},"19":{"start":{"line":57,"column":8},"end":{"line":57,"column":null}},"20":{"start":{"line":59,"column":4},"end":{"line":61,"column":null}},"21":{"start":{"line":60,"column":8},"end":{"line":60,"column":null}},"22":{"start":{"line":62,"column":4},"end":{"line":64,"column":null}},"23":{"start":{"line":63,"column":8},"end":{"line":63,"column":null}},"24":{"start":{"line":65,"column":4},"end":{"line":72,"column":null}},"25":{"start":{"line":66,"column":24},"end":{"line":69,"column":null}},"26":{"start":{"line":70,"column":9},"end":{"line":70,"column":null}},"27":{"start":{"line":71,"column":8},"end":{"line":71,"column":null}},"28":{"start":{"line":73,"column":4},"end":{"line":73,"column":null}},"29":{"start":{"line":77,"column":28},"end":{"line":77,"column":null}},"30":{"start":{"line":78,"column":4},"end":{"line":80,"column":null}},"31":{"start":{"line":79,"column":8},"end":{"line":79,"column":null}},"32":{"start":{"line":81,"column":4},"end":{"line":83,"column":null}},"33":{"start":{"line":82,"column":8},"end":{"line":82,"column":null}},"34":{"start":{"line":84,"column":4},"end":{"line":86,"column":null}},"35":{"start":{"line":85,"column":8},"end":{"line":85,"column":null}},"36":{"start":{"line":87,"column":4},"end":{"line":89,"column":null}},"37":{"start":{"line":88,"column":8},"end":{"line":88,"column":null}},"38":{"start":{"line":93,"column":4},"end":{"line":95,"column":null}},"39":{"start":{"line":94,"column":8},"end":{"line":94,"column":null}},"40":{"start":{"line":96,"column":28},"end":{"line":96,"column":null}},"41":{"start":{"line":97,"column":4},"end":{"line":99,"column":null}},"42":{"start":{"line":98,"column":8},"end":{"line":98,"column":null}},"43":{"start":{"line":100,"column":4},"end":{"line":100,"column":null}},"44":{"start":{"line":101,"column":4},"end":{"line":101,"column":null}},"45":{"start":{"line":105,"column":28},"end":{"line":105,"column":null}},"46":{"start":{"line":106,"column":4},"end":{"line":108,"column":null}},"47":{"start":{"line":107,"column":8},"end":{"line":107,"column":null}},"48":{"start":{"line":109,"column":4},"end":{"line":116,"column":null}},"49":{"start":{"line":110,"column":22},"end":{"line":110,"column":null}},"50":{"start":{"line":111,"column":8},"end":{"line":114,"column":null}},"51":{"start":{"line":112,"column":12},"end":{"line":112,"column":null}},"52":{"start":{"line":113,"column":12},"end":{"line":113,"column":null}},"53":{"start":{"line":115,"column":8},"end":{"line":115,"column":null}},"54":{"start":{"line":117,"column":4},"end":{"line":119,"column":null}},"55":{"start":{"line":118,"column":8},"end":{"line":118,"column":null}},"56":{"start":{"line":120,"column":4},"end":{"line":120,"column":null}},"57":{"start":{"line":124,"column":20},"end":{"line":124,"column":null}},"58":{"start":{"line":125,"column":4},"end":{"line":127,"column":null}},"59":{"start":{"line":126,"column":8},"end":{"line":126,"column":null}},"60":{"start":{"line":128,"column":24},"end":{"line":128,"column":null}},"61":{"start":{"line":129,"column":4},"end":{"line":129,"column":null}},"62":{"start":{"line":130,"column":4},"end":{"line":130,"column":null}},"63":{"start":{"line":131,"column":4},"end":{"line":131,"column":null}},"64":{"start":{"line":135,"column":20},"end":{"line":135,"column":null}},"65":{"start":{"line":136,"column":4},"end":{"line":138,"column":null}},"66":{"start":{"line":137,"column":8},"end":{"line":137,"column":null}},"67":{"start":{"line":139,"column":4},"end":{"line":139,"column":null}},"68":{"start":{"line":140,"column":4},"end":{"line":140,"column":null}},"69":{"start":{"line":144,"column":4},"end":{"line":146,"column":null}},"70":{"start":{"line":145,"column":8},"end":{"line":145,"column":null}},"71":{"start":{"line":147,"column":28},"end":{"line":147,"column":null}},"72":{"start":{"line":148,"column":4},"end":{"line":153,"column":null}},"73":{"start":{"line":149,"column":24},"end":{"line":149,"column":null}},"74":{"start":{"line":150,"column":8},"end":{"line":152,"column":null}},"75":{"start":{"line":151,"column":12},"end":{"line":151,"column":null}},"76":{"start":{"line":157,"column":4},"end":{"line":165,"column":null}},"77":{"start":{"line":158,"column":24},"end":{"line":158,"column":null}},"78":{"start":{"line":159,"column":8},"end":{"line":161,"column":null}},"79":{"start":{"line":160,"column":12},"end":{"line":160,"column":null}},"80":{"start":{"line":162,"column":8},"end":{"line":162,"column":null}},"81":{"start":{"line":163,"column":8},"end":{"line":163,"column":null}},"82":{"start":{"line":164,"column":8},"end":{"line":164,"column":null}},"83":{"start":{"line":168,"column":0},"end":{"line":172,"column":null}},"84":{"start":{"line":169,"column":19},"end":{"line":169,"column":null}},"85":{"start":{"line":170,"column":4},"end":{"line":170,"column":null}},"86":{"start":{"line":171,"column":4},"end":{"line":171,"column":null}},"87":{"start":{"line":174,"column":18},"end":{"line":174,"column":null}},"88":{"start":{"line":174,"column":41},"end":{"line":174,"column":null}},"89":{"start":{"line":176,"column":31},"end":{"line":178,"column":null}},"90":{"start":{"line":177,"column":4},"end":{"line":177,"column":null}},"91":{"start":{"line":180,"column":30},"end":{"line":180,"column":null}},"92":{"start":{"line":180,"column":36},"end":{"line":180,"column":null}},"93":{"start":{"line":182,"column":24},"end":{"line":186,"column":null}},"94":{"start":{"line":183,"column":4},"end":{"line":185,"column":null}},"95":{"start":{"line":184,"column":8},"end":{"line":184,"column":null}}},"fnMap":{"0":{"name":"(anonymous_0)","decl":{"start":{"line":33,"column":27},"end":{"line":33,"column":28}},"loc":{"start":{"line":33,"column":58},"end":{"line":41,"column":null}},"line":33},"1":{"name":"dispatchToAlpine","decl":{"start":{"line":43,"column":9},"end":{"line":43,"column":26}},"loc":{"start":{"line":43,"column":74},"end":{"line":47,"column":null}},"line":43},"2":{"name":"normalizeEvent","decl":{"start":{"line":49,"column":16},"end":{"line":49,"column":31}},"loc":{"start":{"line":49,"column":141},"end":{"line":74,"column":null}},"line":49},"3":{"name":"rememberHandler","decl":{"start":{"line":76,"column":9},"end":{"line":76,"column":25}},"loc":{"start":{"line":76,"column":69},"end":{"line":90,"column":null}},"line":76},"4":{"name":"registerWindowListener","decl":{"start":{"line":92,"column":16},"end":{"line":92,"column":39}},"loc":{"start":{"line":92,"column":83},"end":{"line":102,"column":null}},"line":92},"5":{"name":"unregisterWindowListener","decl":{"start":{"line":104,"column":16},"end":{"line":104,"column":41}},"loc":{"start":{"line":104,"column":86},"end":{"line":121,"column":null}},"line":104},"6":{"name":"(anonymous_6)","decl":{"start":{"line":117,"column":51},"end":{"line":117,"column":52}},"loc":{"start":{"line":117,"column":70},"end":{"line":119,"column":5}},"line":117},"7":{"name":"triggerEvent","decl":{"start":{"line":123,"column":16},"end":{"line":123,"column":29}},"loc":{"start":{"line":123,"column":110},"end":{"line":132,"column":null}},"line":123},"8":{"name":"pushEvent","decl":{"start":{"line":134,"column":16},"end":{"line":134,"column":26}},"loc":{"start":{"line":134,"column":83},"end":{"line":141,"column":null}},"line":134},"9":{"name":"replayQueuedEvents","decl":{"start":{"line":143,"column":16},"end":{"line":143,"column":35}},"loc":{"start":{"line":143,"column":79},"end":{"line":154,"column":null}},"line":143},"10":{"name":"(anonymous_10)","decl":{"start":{"line":148,"column":22},"end":{"line":148,"column":23}},"loc":{"start":{"line":148,"column":33},"end":{"line":153,"column":5}},"line":148},"11":{"name":"processQueue","decl":{"start":{"line":156,"column":16},"end":{"line":156,"column":31}},"loc":{"start":{"line":156,"column":31},"end":{"line":166,"column":null}},"line":156},"12":{"name":"(anonymous_12)","decl":{"start":{"line":157,"column":22},"end":{"line":157,"column":23}},"loc":{"start":{"line":157,"column":40},"end":{"line":165,"column":5}},"line":157},"13":{"name":"push","decl":{"start":{"line":168,"column":26},"end":{"line":168,"column":33}},"loc":{"start":{"line":168,"column":33},"end":{"line":172,"column":null}},"line":168},"14":{"name":"(anonymous_14)","decl":{"start":{"line":174,"column":18},"end":{"line":174,"column":19}},"loc":{"start":{"line":174,"column":41},"end":{"line":174,"column":null}},"line":174},"15":{"name":"(anonymous_15)","decl":{"start":{"line":176,"column":31},"end":{"line":176,"column":32}},"loc":{"start":{"line":176,"column":51},"end":{"line":178,"column":null}},"line":176},"16":{"name":"(anonymous_16)","decl":{"start":{"line":180,"column":30},"end":{"line":180,"column":36}},"loc":{"start":{"line":180,"column":36},"end":{"line":180,"column":null}},"line":180},"17":{"name":"(anonymous_17)","decl":{"start":{"line":182,"column":24},"end":{"line":182,"column":28}},"loc":{"start":{"line":182,"column":48},"end":{"line":186,"column":null}},"line":182}},"branchMap":{"0":{"loc":{"start":{"line":28,"column":44},"end":{"line":28,"column":null}},"type":"binary-expr","locations":[{"start":{"line":28,"column":44},"end":{"line":28,"column":70}},{"start":{"line":28,"column":70},"end":{"line":28,"column":null}}],"line":28},"1":{"loc":{"start":{"line":30,"column":4},"end":{"line":30,"column":null}},"type":"binary-expr","locations":[{"start":{"line":30,"column":4},"end":{"line":30,"column":40}},{"start":{"line":30,"column":40},"end":{"line":30,"column":null}}],"line":30},"2":{"loc":{"start":{"line":34,"column":4},"end":{"line":36,"column":null}},"type":"if","locations":[{"start":{"line":34,"column":4},"end":{"line":36,"column":null}},{"start":{},"end":{}}],"line":34},"3":{"loc":{"start":{"line":37,"column":4},"end":{"line":39,"column":null}},"type":"if","locations":[{"start":{"line":37,"column":4},"end":{"line":39,"column":null}},{"start":{},"end":{}}],"line":37},"4":{"loc":{"start":{"line":44,"column":4},"end":{"line":46,"column":null}},"type":"if","locations":[{"start":{"line":44,"column":4},"end":{"line":46,"column":null}},{"start":{},"end":{}}],"line":44},"5":{"loc":{"start":{"line":44,"column":8},"end":{"line":44,"column":71}},"type":"binary-expr","locations":[{"start":{"line":44,"column":8},"end":{"line":44,"column":25}},{"start":{"line":44,"column":25},"end":{"line":44,"column":71}}],"line":44},"6":{"loc":{"start":{"line":50,"column":4},"end":{"line":52,"column":null}},"type":"if","locations":[{"start":{"line":50,"column":4},"end":{"line":52,"column":null}},{"start":{},"end":{}}],"line":50},"7":{"loc":{"start":{"line":53,"column":4},"end":{"line":55,"column":null}},"type":"if","locations":[{"start":{"line":53,"column":4},"end":{"line":55,"column":null}},{"start":{},"end":{}}],"line":53},"8":{"loc":{"start":{"line":53,"column":8},"end":{"line":53,"column":84}},"type":"binary-expr","locations":[{"start":{"line":53,"column":8},"end":{"line":53,"column":38}},{"start":{"line":53,"column":38},"end":{"line":53,"column":84}}],"line":53},"9":{"loc":{"start":{"line":56,"column":4},"end":{"line":58,"column":null}},"type":"if","locations":[{"start":{"line":56,"column":4},"end":{"line":58,"column":null}},{"start":{},"end":{}}],"line":56},"10":{"loc":{"start":{"line":57,"column":69},"end":{"line":57,"column":83}},"type":"binary-expr","locations":[{"start":{"line":57,"column":69},"end":{"line":57,"column":79}},{"start":{"line":57,"column":79},"end":{"line":57,"column":83}}],"line":57},"11":{"loc":{"start":{"line":59,"column":4},"end":{"line":61,"column":null}},"type":"if","locations":[{"start":{"line":59,"column":4},"end":{"line":61,"column":null}},{"start":{},"end":{}}],"line":59},"12":{"loc":{"start":{"line":62,"column":4},"end":{"line":64,"column":null}},"type":"if","locations":[{"start":{"line":62,"column":4},"end":{"line":64,"column":null}},{"start":{},"end":{}}],"line":62},"13":{"loc":{"start":{"line":63,"column":74},"end":{"line":63,"column":88}},"type":"binary-expr","locations":[{"start":{"line":63,"column":74},"end":{"line":63,"column":84}},{"start":{"line":63,"column":84},"end":{"line":63,"column":88}}],"line":63},"14":{"loc":{"start":{"line":65,"column":4},"end":{"line":72,"column":null}},"type":"if","locations":[{"start":{"line":65,"column":4},"end":{"line":72,"column":null}},{"start":{},"end":{}}],"line":65},"15":{"loc":{"start":{"line":65,"column":8},"end":{"line":65,"column":70}},"type":"binary-expr","locations":[{"start":{"line":65,"column":8},"end":{"line":65,"column":37}},{"start":{"line":65,"column":37},"end":{"line":65,"column":70}}],"line":65},"16":{"loc":{"start":{"line":68,"column":20},"end":{"line":68,"column":null}},"type":"cond-expr","locations":[{"start":{"line":68,"column":40},"end":{"line":68,"column":55}},{"start":{"line":68,"column":55},"end":{"line":68,"column":null}}],"line":68},"17":{"loc":{"start":{"line":68,"column":55},"end":{"line":68,"column":null}},"type":"binary-expr","locations":[{"start":{"line":68,"column":55},"end":{"line":68,"column":65}},{"start":{"line":68,"column":65},"end":{"line":68,"column":null}}],"line":68},"18":{"loc":{"start":{"line":78,"column":4},"end":{"line":80,"column":null}},"type":"if","locations":[{"start":{"line":78,"column":4},"end":{"line":80,"column":null}},{"start":{},"end":{}}],"line":78},"19":{"loc":{"start":{"line":78,"column":8},"end":{"line":78,"column":54}},"type":"binary-expr","locations":[{"start":{"line":78,"column":8},"end":{"line":78,"column":22}},{"start":{"line":78,"column":22},"end":{"line":78,"column":54}}],"line":78},"20":{"loc":{"start":{"line":81,"column":4},"end":{"line":83,"column":null}},"type":"if","locations":[{"start":{"line":81,"column":4},"end":{"line":83,"column":null}},{"start":{},"end":{}}],"line":81},"21":{"loc":{"start":{"line":84,"column":4},"end":{"line":86,"column":null}},"type":"if","locations":[{"start":{"line":84,"column":4},"end":{"line":86,"column":null}},{"start":{},"end":{}}],"line":84},"22":{"loc":{"start":{"line":87,"column":4},"end":{"line":89,"column":null}},"type":"if","locations":[{"start":{"line":87,"column":4},"end":{"line":89,"column":null}},{"start":{},"end":{}}],"line":87},"23":{"loc":{"start":{"line":93,"column":4},"end":{"line":95,"column":null}},"type":"if","locations":[{"start":{"line":93,"column":4},"end":{"line":95,"column":null}},{"start":{},"end":{}}],"line":93},"24":{"loc":{"start":{"line":93,"column":8},"end":{"line":93,"column":54}},"type":"binary-expr","locations":[{"start":{"line":93,"column":8},"end":{"line":93,"column":22}},{"start":{"line":93,"column":22},"end":{"line":93,"column":54}}],"line":93},"25":{"loc":{"start":{"line":97,"column":4},"end":{"line":99,"column":null}},"type":"if","locations":[{"start":{"line":97,"column":4},"end":{"line":99,"column":null}},{"start":{},"end":{}}],"line":97},"26":{"loc":{"start":{"line":106,"column":4},"end":{"line":108,"column":null}},"type":"if","locations":[{"start":{"line":106,"column":4},"end":{"line":108,"column":null}},{"start":{},"end":{}}],"line":106},"27":{"loc":{"start":{"line":106,"column":8},"end":{"line":106,"column":119}},"type":"binary-expr","locations":[{"start":{"line":106,"column":8},"end":{"line":106,"column":28}},{"start":{"line":106,"column":28},"end":{"line":106,"column":71}},{"start":{"line":106,"column":71},"end":{"line":106,"column":119}}],"line":106},"28":{"loc":{"start":{"line":109,"column":4},"end":{"line":116,"column":null}},"type":"if","locations":[{"start":{"line":109,"column":4},"end":{"line":116,"column":null}},{"start":{},"end":{}}],"line":109},"29":{"loc":{"start":{"line":111,"column":8},"end":{"line":114,"column":null}},"type":"if","locations":[{"start":{"line":111,"column":8},"end":{"line":114,"column":null}},{"start":{},"end":{}}],"line":111},"30":{"loc":{"start":{"line":125,"column":4},"end":{"line":127,"column":null}},"type":"if","locations":[{"start":{"line":125,"column":4},"end":{"line":127,"column":null}},{"start":{},"end":{}}],"line":125},"31":{"loc":{"start":{"line":136,"column":4},"end":{"line":138,"column":null}},"type":"if","locations":[{"start":{"line":136,"column":4},"end":{"line":138,"column":null}},{"start":{},"end":{}}],"line":136},"32":{"loc":{"start":{"line":144,"column":4},"end":{"line":146,"column":null}},"type":"if","locations":[{"start":{"line":144,"column":4},"end":{"line":146,"column":null}},{"start":{},"end":{}}],"line":144},"33":{"loc":{"start":{"line":144,"column":8},"end":{"line":144,"column":54}},"type":"binary-expr","locations":[{"start":{"line":144,"column":8},"end":{"line":144,"column":22}},{"start":{"line":144,"column":22},"end":{"line":144,"column":54}}],"line":144},"34":{"loc":{"start":{"line":150,"column":8},"end":{"line":152,"column":null}},"type":"if","locations":[{"start":{"line":150,"column":8},"end":{"line":152,"column":null}},{"start":{},"end":{}}],"line":150},"35":{"loc":{"start":{"line":150,"column":12},"end":{"line":150,"column":58}},"type":"binary-expr","locations":[{"start":{"line":150,"column":12},"end":{"line":150,"column":23}},{"start":{"line":150,"column":23},"end":{"line":150,"column":58}}],"line":150},"36":{"loc":{"start":{"line":159,"column":8},"end":{"line":161,"column":null}},"type":"if","locations":[{"start":{"line":159,"column":8},"end":{"line":161,"column":null}},{"start":{},"end":{}}],"line":159},"37":{"loc":{"start":{"line":159,"column":12},"end":{"line":159,"column":46}},"type":"binary-expr","locations":[{"start":{"line":159,"column":12},"end":{"line":159,"column":24}},{"start":{"line":159,"column":24},"end":{"line":159,"column":46}}],"line":159},"38":{"loc":{"start":{"line":183,"column":4},"end":{"line":185,"column":null}},"type":"if","locations":[{"start":{"line":183,"column":4},"end":{"line":185,"column":null}},{"start":{},"end":{}}],"line":183},"39":{"loc":{"start":{"line":183,"column":8},"end":{"line":183,"column":93}},"type":"binary-expr","locations":[{"start":{"line":183,"column":8},"end":{"line":183,"column":24}},{"start":{"line":183,"column":24},"end":{"line":183,"column":58}},{"start":{"line":183,"column":58},"end":{"line":183,"column":93}}],"line":183}},"s":{"0":6,"1":6,"2":6,"3":6,"4":6,"5":6,"6":6,"7":66,"8":1,"9":65,"10":46,"11":19,"12":23,"13":1,"14":138,"15":4,"16":134,"17":106,"18":28,"19":24,"20":4,"21":1,"22":3,"23":2,"24":1,"25":1,"26":1,"27":1,"28":0,"29":6,"30":6,"31":0,"32":6,"33":0,"34":6,"35":5,"36":6,"37":6,"38":8,"39":2,"40":6,"41":6,"42":0,"43":6,"44":6,"45":4,"46":4,"47":1,"48":3,"49":0,"50":0,"51":0,"52":0,"53":0,"54":3,"55":3,"56":3,"57":26,"58":26,"59":3,"60":23,"61":23,"62":23,"63":23,"64":19,"65":19,"66":1,"67":18,"68":18,"69":4,"70":0,"71":4,"72":4,"73":8,"74":8,"75":2,"76":32,"77":79,"78":79,"79":61,"80":18,"81":18,"82":18,"83":6,"84":18,"85":18,"86":18,"87":6,"88":18,"89":6,"90":21,"91":6,"92":8,"93":6,"94":16,"95":10},"f":{"0":66,"1":23,"2":138,"3":6,"4":8,"5":4,"6":3,"7":26,"8":19,"9":4,"10":8,"11":32,"12":79,"13":18,"14":18,"15":21,"16":8,"17":16},"b":{"0":[6,6],"1":[6,6],"2":[1,65],"3":[46,19],"4":[1,22],"5":[23,23],"6":[4,134],"7":[106,28],"8":[134,110],"9":[24,4],"10":[24,19],"11":[1,3],"12":[2,1],"13":[2,2],"14":[1,0],"15":[1,1],"16":[1,0],"17":[0,0],"18":[0,6],"19":[6,6],"20":[0,6],"21":[5,1],"22":[6,0],"23":[2,6],"24":[8,6],"25":[0,6],"26":[1,3],"27":[4,3,3],"28":[0,3],"29":[0,0],"30":[3,23],"31":[1,18],"32":[0,4],"33":[4,4],"34":[2,6],"35":[8,8],"36":[61,18],"37":[79,79],"38":[10,6],"39":[16,10,10]},"meta":{"lastBranch":40,"lastFunction":18,"lastStatement":96,"seen":{"s:24:23:24:Infinity":0,"s:25:20:25:Infinity":1,"s:27:21:27:Infinity":2,"s:28:19:28:Infinity":3,"b:28:44:28:70:28:70:28:Infinity":0,"s:29:50:30:Infinity":4,"b:30:4:30:40:30:40:30:Infinity":1,"s:31:19:31:Infinity":5,"s:33:27:41:Infinity":6,"f:33:27:33:28":0,"b:34:4:36:Infinity:undefined:undefined:undefined:undefined":2,"s:34:4:36:Infinity":7,"s:35:8:35:Infinity":8,"b:37:4:39:Infinity:undefined:undefined:undefined:undefined":3,"s:37:4:39:Infinity":9,"s:38:8:38:Infinity":10,"s:40:4:40:Infinity":11,"f:43:9:43:26":1,"b:44:4:46:Infinity:undefined:undefined:undefined:undefined":4,"s:44:4:46:Infinity":12,"b:44:8:44:25:44:25:44:71":5,"s:45:8:45:Infinity":13,"f:49:16:49:31":2,"b:50:4:52:Infinity:undefined:undefined:undefined:undefined":6,"s:50:4:52:Infinity":14,"s:51:8:51:Infinity":15,"b:53:4:55:Infinity:undefined:undefined:undefined:undefined":7,"s:53:4:55:Infinity":16,"b:53:8:53:38:53:38:53:84":8,"s:54:8:54:Infinity":17,"b:56:4:58:Infinity:undefined:undefined:undefined:undefined":9,"s:56:4:58:Infinity":18,"s:57:8:57:Infinity":19,"b:57:69:57:79:57:79:57:83":10,"b:59:4:61:Infinity:undefined:undefined:undefined:undefined":11,"s:59:4:61:Infinity":20,"s:60:8:60:Infinity":21,"b:62:4:64:Infinity:undefined:undefined:undefined:undefined":12,"s:62:4:64:Infinity":22,"s:63:8:63:Infinity":23,"b:63:74:63:84:63:84:63:88":13,"b:65:4:72:Infinity:undefined:undefined:undefined:undefined":14,"s:65:4:72:Infinity":24,"b:65:8:65:37:65:37:65:70":15,"s:66:24:69:Infinity":25,"b:68:40:68:55:68:55:68:Infinity":16,"b:68:55:68:65:68:65:68:Infinity":17,"s:70:9:70:Infinity":26,"s:71:8:71:Infinity":27,"s:73:4:73:Infinity":28,"f:76:9:76:25":3,"s:77:28:77:Infinity":29,"b:78:4:80:Infinity:undefined:undefined:undefined:undefined":18,"s:78:4:80:Infinity":30,"b:78:8:78:22:78:22:78:54":19,"s:79:8:79:Infinity":31,"b:81:4:83:Infinity:undefined:undefined:undefined:undefined":20,"s:81:4:83:Infinity":32,"s:82:8:82:Infinity":33,"b:84:4:86:Infinity:undefined:undefined:undefined:undefined":21,"s:84:4:86:Infinity":34,"s:85:8:85:Infinity":35,"b:87:4:89:Infinity:undefined:undefined:undefined:undefined":22,"s:87:4:89:Infinity":36,"s:88:8:88:Infinity":37,"f:92:16:92:39":4,"b:93:4:95:Infinity:undefined:undefined:undefined:undefined":23,"s:93:4:95:Infinity":38,"b:93:8:93:22:93:22:93:54":24,"s:94:8:94:Infinity":39,"s:96:28:96:Infinity":40,"b:97:4:99:Infinity:undefined:undefined:undefined:undefined":25,"s:97:4:99:Infinity":41,"s:98:8:98:Infinity":42,"s:100:4:100:Infinity":43,"s:101:4:101:Infinity":44,"f:104:16:104:41":5,"s:105:28:105:Infinity":45,"b:106:4:108:Infinity:undefined:undefined:undefined:undefined":26,"s:106:4:108:Infinity":46,"b:106:8:106:28:106:28:106:71:106:71:106:119":27,"s:107:8:107:Infinity":47,"b:109:4:116:Infinity:undefined:undefined:undefined:undefined":28,"s:109:4:116:Infinity":48,"s:110:22:110:Infinity":49,"b:111:8:114:Infinity:undefined:undefined:undefined:undefined":29,"s:111:8:114:Infinity":50,"s:112:12:112:Infinity":51,"s:113:12:113:Infinity":52,"s:115:8:115:Infinity":53,"s:117:4:119:Infinity":54,"f:117:51:117:52":6,"s:118:8:118:Infinity":55,"s:120:4:120:Infinity":56,"f:123:16:123:29":7,"s:124:20:124:Infinity":57,"b:125:4:127:Infinity:undefined:undefined:undefined:undefined":30,"s:125:4:127:Infinity":58,"s:126:8:126:Infinity":59,"s:128:24:128:Infinity":60,"s:129:4:129:Infinity":61,"s:130:4:130:Infinity":62,"s:131:4:131:Infinity":63,"f:134:16:134:26":8,"s:135:20:135:Infinity":64,"b:136:4:138:Infinity:undefined:undefined:undefined:undefined":31,"s:136:4:138:Infinity":65,"s:137:8:137:Infinity":66,"s:139:4:139:Infinity":67,"s:140:4:140:Infinity":68,"f:143:16:143:35":9,"b:144:4:146:Infinity:undefined:undefined:undefined:undefined":32,"s:144:4:146:Infinity":69,"b:144:8:144:22:144:22:144:54":33,"s:145:8:145:Infinity":70,"s:147:28:147:Infinity":71,"s:148:4:153:Infinity":72,"f:148:22:148:23":10,"s:149:24:149:Infinity":73,"b:150:8:152:Infinity:undefined:undefined:undefined:undefined":34,"s:150:8:152:Infinity":74,"b:150:12:150:23:150:23:150:58":35,"s:151:12:151:Infinity":75,"f:156:16:156:31":11,"s:157:4:165:Infinity":76,"f:157:22:157:23":12,"s:158:24:158:Infinity":77,"b:159:8:161:Infinity:undefined:undefined:undefined:undefined":36,"s:159:8:161:Infinity":78,"b:159:12:159:24:159:24:159:46":37,"s:160:12:160:Infinity":79,"s:162:8:162:Infinity":80,"s:163:8:163:Infinity":81,"s:164:8:164:Infinity":82,"s:168:0:172:Infinity":83,"f:168:26:168:33":13,"s:169:19:169:Infinity":84,"s:170:4:170:Infinity":85,"s:171:4:171:Infinity":86,"s:174:18:174:Infinity":87,"f:174:18:174:19":14,"s:174:41:174:Infinity":88,"s:176:31:178:Infinity":89,"f:176:31:176:32":15,"s:177:4:177:Infinity":90,"s:180:30:180:Infinity":91,"f:180:30:180:36":16,"s:180:36:180:Infinity":92,"s:182:24:186:Infinity":93,"f:182:24:182:28":17,"b:183:4:185:Infinity:undefined:undefined:undefined:undefined":38,"s:183:4:185:Infinity":94,"b:183:8:183:24:183:24:183:58:183:58:183:93":39,"s:184:8:184:Infinity":95}}}
,"/Users/sajidpatel/Sites/MageOS-env/mageos/app/code/SajidPatel/HyvaFlow/view/frontend/web/src/hyvaflow.ts": {"path":"/Users/sajidpatel/Sites/MageOS-env/mageos/app/code/SajidPatel/HyvaFlow/view/frontend/web/src/hyvaflow.ts","statementMap":{"0":{"start":{"line":59,"column":25},"end":{"line":59,"column":null}},"1":{"start":{"line":61,"column":0},"end":{"line":65,"column":null}},"2":{"start":{"line":62,"column":4},"end":{"line":64,"column":null}},"3":{"start":{"line":63,"column":8},"end":{"line":63,"column":null}},"4":{"start":{"line":70,"column":4},"end":{"line":70,"column":null}},"5":{"start":{"line":75,"column":8},"end":{"line":77,"column":null}},"6":{"start":{"line":76,"column":12},"end":{"line":76,"column":null}},"7":{"start":{"line":79,"column":14},"end":{"line":79,"column":null}},"8":{"start":{"line":80,"column":32},"end":{"line":80,"column":null}},"9":{"start":{"line":81,"column":28},"end":{"line":81,"column":null}},"10":{"start":{"line":83,"column":33},"end":{"line":88,"column":null}},"11":{"start":{"line":84,"column":12},"end":{"line":87,"column":null}},"12":{"start":{"line":85,"column":16},"end":{"line":85,"column":null}},"13":{"start":{"line":86,"column":16},"end":{"line":86,"column":null}},"14":{"start":{"line":90,"column":54},"end":{"line":240,"column":null}},"15":{"start":{"line":92,"column":28},"end":{"line":92,"column":null}},"16":{"start":{"line":94,"column":16},"end":{"line":94,"column":null}},"17":{"start":{"line":96,"column":40},"end":{"line":96,"column":null}},"18":{"start":{"line":97,"column":39},"end":{"line":97,"column":null}},"19":{"start":{"line":99,"column":16},"end":{"line":99,"column":null}},"20":{"start":{"line":102,"column":16},"end":{"line":104,"column":null}},"21":{"start":{"line":103,"column":20},"end":{"line":103,"column":null}},"22":{"start":{"line":105,"column":16},"end":{"line":105,"column":null}},"23":{"start":{"line":106,"column":16},"end":{"line":106,"column":null}},"24":{"start":{"line":109,"column":17},"end":{"line":109,"column":null}},"25":{"start":{"line":111,"column":16},"end":{"line":111,"column":null}},"26":{"start":{"line":112,"column":16},"end":{"line":112,"column":null}},"27":{"start":{"line":115,"column":16},"end":{"line":115,"column":null}},"28":{"start":{"line":117,"column":25},"end":{"line":117,"column":null}},"29":{"start":{"line":119,"column":16},"end":{"line":121,"column":null}},"30":{"start":{"line":120,"column":20},"end":{"line":120,"column":null}},"31":{"start":{"line":122,"column":16},"end":{"line":122,"column":null}},"32":{"start":{"line":123,"column":44},"end":{"line":123,"column":null}},"33":{"start":{"line":124,"column":30},"end":{"line":124,"column":null}},"34":{"start":{"line":125,"column":31},"end":{"line":125,"column":null}},"35":{"start":{"line":126,"column":33},"end":{"line":126,"column":null}},"36":{"start":{"line":127,"column":16},"end":{"line":129,"column":null}},"37":{"start":{"line":128,"column":20},"end":{"line":128,"column":null}},"38":{"start":{"line":130,"column":16},"end":{"line":134,"column":null}},"39":{"start":{"line":131,"column":20},"end":{"line":133,"column":null}},"40":{"start":{"line":132,"column":24},"end":{"line":132,"column":null}},"41":{"start":{"line":135,"column":16},"end":{"line":137,"column":null}},"42":{"start":{"line":136,"column":20},"end":{"line":136,"column":null}},"43":{"start":{"line":138,"column":16},"end":{"line":138,"column":null}},"44":{"start":{"line":141,"column":16},"end":{"line":141,"column":null}},"45":{"start":{"line":144,"column":16},"end":{"line":146,"column":null}},"46":{"start":{"line":145,"column":20},"end":{"line":145,"column":null}},"47":{"start":{"line":147,"column":43},"end":{"line":147,"column":null}},"48":{"start":{"line":148,"column":29},"end":{"line":148,"column":null}},"49":{"start":{"line":149,"column":16},"end":{"line":158,"column":null}},"50":{"start":{"line":150,"column":36},"end":{"line":150,"column":null}},"51":{"start":{"line":151,"column":20},"end":{"line":157,"column":null}},"52":{"start":{"line":152,"column":38},"end":{"line":152,"column":null}},"53":{"start":{"line":153,"column":24},"end":{"line":156,"column":null}},"54":{"start":{"line":154,"column":28},"end":{"line":154,"column":null}},"55":{"start":{"line":155,"column":28},"end":{"line":155,"column":null}},"56":{"start":{"line":159,"column":16},"end":{"line":159,"column":null}},"57":{"start":{"line":162,"column":16},"end":{"line":164,"column":null}},"58":{"start":{"line":163,"column":20},"end":{"line":163,"column":null}},"59":{"start":{"line":165,"column":16},"end":{"line":168,"column":null}},"60":{"start":{"line":166,"column":36},"end":{"line":166,"column":null}},"61":{"start":{"line":167,"column":20},"end":{"line":167,"column":null}},"62":{"start":{"line":171,"column":16},"end":{"line":173,"column":null}},"63":{"start":{"line":172,"column":20},"end":{"line":172,"column":null}},"64":{"start":{"line":174,"column":16},"end":{"line":179,"column":null}},"65":{"start":{"line":175,"column":36},"end":{"line":175,"column":null}},"66":{"start":{"line":176,"column":20},"end":{"line":178,"column":null}},"67":{"start":{"line":177,"column":24},"end":{"line":177,"column":null}},"68":{"start":{"line":181,"column":38},"end":{"line":181,"column":null}},"69":{"start":{"line":182,"column":41},"end":{"line":182,"column":null}},"70":{"start":{"line":184,"column":16},"end":{"line":186,"column":null}},"71":{"start":{"line":185,"column":20},"end":{"line":185,"column":null}},"72":{"start":{"line":187,"column":16},"end":{"line":197,"column":null}},"73":{"start":{"line":188,"column":36},"end":{"line":188,"column":null}},"74":{"start":{"line":189,"column":20},"end":{"line":191,"column":null}},"75":{"start":{"line":190,"column":24},"end":{"line":190,"column":null}},"76":{"start":{"line":192,"column":20},"end":{"line":196,"column":null}},"77":{"start":{"line":193,"column":24},"end":{"line":193,"column":null}},"78":{"start":{"line":195,"column":24},"end":{"line":195,"column":null}},"79":{"start":{"line":198,"column":16},"end":{"line":198,"column":null}},"80":{"start":{"line":201,"column":16},"end":{"line":203,"column":null}},"81":{"start":{"line":202,"column":20},"end":{"line":202,"column":null}},"82":{"start":{"line":204,"column":16},"end":{"line":209,"column":null}},"83":{"start":{"line":205,"column":36},"end":{"line":205,"column":null}},"84":{"start":{"line":206,"column":20},"end":{"line":208,"
[...]
t":{"line":182,"column":25},"end":{"line":182,"column":26}},"loc":{"start":{"line":182,"column":41},"end":{"line":182,"column":null}},"line":182},"26":{"name":"(anonymous_26)","decl":{"start":{"line":183,"column":19},"end":{"line":183,"column":20}},"loc":{"start":{"line":183,"column":45},"end":{"line":199,"column":null}},"line":183},"27":{"name":"(anonymous_27)","decl":{"start":{"line":187,"column":30},"end":{"line":187,"column":31}},"loc":{"start":{"line":187,"column":40},"end":{"line":197,"column":17}},"line":187},"28":{"name":"(anonymous_28)","decl":{"start":{"line":200,"column":17},"end":{"line":200,"column":18}},"loc":{"start":{"line":200,"column":34},"end":{"line":211,"column":null}},"line":200},"29":{"name":"(anonymous_29)","decl":{"start":{"line":204,"column":30},"end":{"line":204,"column":31}},"loc":{"start":{"line":204,"column":40},"end":{"line":209,"column":17}},"line":204},"30":{"name":"(anonymous_30)","decl":{"start":{"line":212,"column":21},"end":{"line":212,"column":22}},"loc":{"start":{"line":212,"column":45},"end":{"line":223,"column":null}},"line":212},"31":{"name":"(anonymous_31)","decl":{"start":{"line":216,"column":30},"end":{"line":216,"column":31}},"loc":{"start":{"line":216,"column":40},"end":{"line":221,"column":17}},"line":216},"32":{"name":"(anonymous_32)","decl":{"start":{"line":224,"column":18},"end":{"line":224,"column":19}},"loc":{"start":{"line":224,"column":32},"end":{"line":232,"column":null}},"line":224},"33":{"name":"(anonymous_33)","decl":{"start":{"line":228,"column":57},"end":{"line":228,"column":58}},"loc":{"start":{"line":228,"column":67},"end":{"line":230,"column":17}},"line":228},"34":{"name":"(anonymous_34)","decl":{"start":{"line":233,"column":21},"end":{"line":233,"column":22}},"loc":{"start":{"line":233,"column":44},"end":{"line":238,"column":null}},"line":233},"35":{"name":"(anonymous_35)","decl":{"start":{"line":239,"column":21},"end":{"line":239,"column":27}},"loc":{"start":{"line":239,"column":27},"end":{"line":239,"column":null}},"line":239},"36":{"name":"(anonymous_36)","decl":{"start":{"line":242,"column":22},"end":{"line":242,"column":23}},"loc":{"start":{"line":242,"column":39},"end":{"line":244,"column":9}},"line":242},"37":{"name":"(anonymous_37)","decl":{"start":{"line":249,"column":17},"end":{"line":249,"column":23}},"loc":{"start":{"line":249,"column":23},"end":{"line":249,"column":null}},"line":249},"38":{"name":"(anonymous_38)","decl":{"start":{"line":256,"column":16},"end":{"line":256,"column":23}},"loc":{"start":{"line":256,"column":43},"end":{"line":266,"column":null}},"line":256},"39":{"name":"(anonymous_39)","decl":{"start":{"line":259,"column":30},"end":{"line":259,"column":36}},"loc":{"start":{"line":259,"column":36},"end":{"line":264,"column":null}},"line":259},"40":{"name":"(anonymous_40)","decl":{"start":{"line":279,"column":13},"end":{"line":279,"column":19}},"loc":{"start":{"line":279,"column":19},"end":{"line":279,"column":null}},"line":279},"41":{"name":"(anonymous_41)","decl":{"start":{"line":280,"column":13},"end":{"line":280,"column":14}},"loc":{"start":{"line":280,"column":33},"end":{"line":282,"column":null}},"line":280}},"branchMap":{"0":{"loc":{"start":{"line":61,"column":0},"end":{"line":65,"column":null}},"type":"if","locations":[{"start":{"line":61,"column":0},"end":{"line":65,"column":null}},{"start":{},"end":{}}],"line":61},"1":{"loc":{"start":{"line":75,"column":8},"end":{"line":77,"column":null}},"type":"if","locations":[{"start":{"line":75,"column":8},"end":{"line":77,"column":null}},{"start":{},"end":{}}],"line":75},"2":{"loc":{"start":{"line":84,"column":12},"end":{"line":87,"column":null}},"type":"if","locations":[{"start":{"line":84,"column":12},"end":{"line":87,"column":null}},{"start":{},"end":{}}],"line":84},"3":{"loc":{"start":{"line":102,"column":16},"end":{"line":104,"column":null}},"type":"if","locations":[{"start":{"line":102,"column":16},"end":{"line":104,"column":null}},{"start":{},"end":{}}],"line":102},"4":{"loc":{"start":{"line":102,"column":20},"end":{"line":102,"column":66}},"type":"binary-expr","locations":[{"start":{"line":102,"column":20},"end":{"line":102,"column":34}},{"start":{"line":102,"column":34},"end":{"line":102,"column":66}}],"line":102},"5":{"loc":{"start":{"line":119,"column":16},"end":{"line":121,"column":null}},"type":"if","locations":[{"start":{"line":119,"column":16},"end":{"line":121,"column":null}},{"start":{},"end":{}}],"line":119},"6":{"loc":{"start":{"line":124,"column":30},"end":{"line":124,"column":null}},"type":"binary-expr","locations":[{"start":{"line":124,"column":30},"end":{"line":124,"column":41}},{"start":{"line":124,"column":41},"end":{"line":124,"column":null}}],"line":124},"7":{"loc":{"start":{"line":125,"column":31},"end":{"line":125,"column":null}},"type":"cond-expr","locations":[{"start":{"line":125,"column":54},"end":{"line":125,"column":62}},{"start":{"line":125,"column":62},"end":{"line":125,"column":null}}],"line":125},"8":{"loc":{"start":{"line":127,"column":16},"end":{"line":129,"column":null}},"type":"if","locations":[{"start":{"line":127,"column":16},"end":{"line":129,"column":null}},{"start":{},"end":{}}],"line":127},"9":{"loc":{"start":{"line":127,"column":20},"end":{"line":127,"column":59}},"type":"binary-expr","locations":[{"start":{"line":127,"column":20},"end":{"line":127,"column":32}},{"start":{"line":127,"column":32},"end":{"line":127,"column":59}}],"line":127},"10":{"loc":{"start":{"line":131,"column":20},"end":{"line":133,"column":null}},"type":"if","locations":[{"start":{"line":131,"column":20},"end":{"line":133,"column":null}},{"start":{},"end":{}}],"line":131},"11":{"loc":{"start":{"line":131,"column":24},"end":{"line":131,"column":93}},"type":"binary-expr","locations":[{"start":{"line":131,"column":24},"end":{"line":131,"column":32}},{"start":{"line":131,"column":32},"end":{"line":131,"column":93}}],"line":131},"12":{"loc":{"start":{"line":135,"column":16},"end":{"line":137,"column":null}},"type":"if","locations":[{"start":{"line":135,"column":16},"end":{"line":137,"column":null}},{"start":{},"end":{}}],"line":135},"13":{"loc":{"start":{"line":144,"column":16},"end":{"line":146,"column":null}},"type":"if","locations":[{"start":{"line":144,"column":16},"end":{"line":146,"column":null}},{"start":{},"end":{}}],"line":144},"14":{"loc":{"start":{"line":151,"column":20},"end":{"line":157,"column":null}},"type":"if","locations":[{"start":{"line":151,"column":20},"end":{"line":157,"column":null}},{"start":{},"end":{}}],"line":151},"15":{"loc":{"start":{"line":151,"column":24},"end":{"line":151,"column":74}},"type":"binary-expr","locations":[{"start":{"line":151,"column":24},"end":{"line":151,"column":35}},{"start":{"line":151,"column":35},"end":{"line":151,"column":74}}],"line":151},"16":{"loc":{"start":{"line":153,"column":24},"end":{"line":156,"column":null}},"type":"if","locations":[{"start":{"line":153,"column":24},"end":{"line":156,"column":null}},{"start":{},"end":{}}],"line":153},"17":{"loc":{"start":{"line":153,"column":28},"end":{"line":153,"column":55}},"type":"binary-expr","locations":[{"start":{"line":153,"column":28},"end":{"line":153,"column":37}},{"start":{"line":153,"column":37},"end":{"line":153,"column":55}}],"line":153},"18":{"loc":{"start":{"line":162,"column":16},"end":{"line":164,"column":null}},"type":"if","locations":[{"start":{"line":162,"column":16},"end":{"line":164,"column":null}},{"start":{},"end":{}}],"line":162},"19":{"loc":{"start":{"line":167,"column":27},"end":{"line":167,"column":null}},"type":"binary-expr","locations":[{"start":{"line":167,"column":27},"end":{"line":167,"column":38}},{"start":{"line":167,"column":38},"end":{"line":167,"column":59}},{"start":{"line":167,"column":59},"end":{"line":167,"column":null}}],"line":167},"20":{"loc":{"start":{"line":171,"column":16},"end":{"line":173,"column":null}},"type":"if","locations":[{"start":{"line":171,"column":16},"end":{"line":173,"column":null}},{"start":{},"end":{}}],"line":171},"21":{"loc":{"start":{"line":176,"column":20},"end":{"line":178,"column":null}},"type":"if","locations":[{"start":{"line":176,"column":20},"end":{"line":178,"column":null}},{"start":{},"end":{}}],"line":176},"22":{"loc":{"start":{"line":176,"column":24},"end":{"line":176,"column":54}},"type":"binary-expr","locations":[{"start":{"line":176,"column":24},"end":{"line":176,"column":35}},{"start":{"line":176,"column":35},"end":{"line":176,"column":54}}],"line":176},"23":{"loc":{"start":{"line":184,"column":16},"end":{"line":186,"column":null}},"type":"if","locations":[{"start":{"line":184,"column":16},"end":{"line":186,"column":null}},{"start":{},"end":{}}],"line":184},"24":{"loc":{"start":{"line":189,"column":20},"end":{"line":191,"column":null}},"type":"if","locations":[{"start":{"line":189,"column":20},"end":{"line":191,"column":null}},{"start":{},"end":{}}],"line":189},"25":{"loc":{"start":{"line":189,"column":24},"end":{"line":189,"column":56}},"type":"binary-expr","locations":[{"start":{"line":189,"column":24},"end":{"line":189,"column":36}},{"start":{"line":189,"column":36},"end":{"line":189,"column":56}}],"line":189},"26":{"loc":{"start":{"line":192,"column":20},"end":{"line":196,"column":null}},"type":"if","locations":[{"start":{"line":192,"column":20},"end":{"line":196,"column":null}},{"start":{"line":194,"column":27},"end":{"line":196,"column":null}}],"line":192},"27":{"loc":{"start":{"line":201,"column":16},"end":{"line":203,"column":null}},"type":"if","locations":[{"start":{"line":201,"column":16},"end":{"line":203,"column":null}},{"start":{},"end":{}}],"line":201},"28":{"loc":{"start":{"line":206,"column":20},"end":{"line":208,"column":null}},"type":"if","locations":[{"start":{"line":206,"column":20},"end":{"line":208,"column":null}},{"start":{},"end":{}}],"line":206},"29":{"loc":{"start":{"line":206,"column":24},"end":{"line":206,"column":79}},"type":"binary-expr","locations":[{"start":{"line":206,"column":24},"end":{"line":206,"column":35}},{"start":{"line":206,"column":35},"end":{"line":206,"column":79}}],"line":206},"30":{"loc":{"start":{"line":213,"column":16},"end":{"line":215,"column":null}},"type":"if","locations":[{"start":{"line":213,"column":16},"end":{"line":215,"column":null}},{"start":{},"end":{}}],"line":213},"31":{"loc":{"start":{"line":213,"column":20},"end":{"line":213,"column":65}},"type":"binary-expr","locations":[{"start":{"line":213,"column":20},"end":{"line":213,"column":34}},{"start":{"line":213,"column":34},"end":{"line":213,"column":65}}],"line":213},"32":{"loc":{"start":{"line":218,"column":20},"end":{"line":220,"column":null}},"type":"if","locations":[{"start":{"line":218,"column":20},"end":{"line":220,"column":null}},{"start":{},"end":{}}],"line":218},"33":{"loc":{"start":{"line":218,"column":24},"end":{"line":218,"column":83}},"type":"binary-expr","locations":[{"start":{"line":218,"column":24},"end":{"line":218,"column":35}},{"start":{"line":218,"column":35},"end":{"line":218,"column":83}}],"line":218},"34":{"loc":{"start":{"line":225,"column":16},"end":{"line":227,"column":null}},"type":"if","locations":[{"start":{"line":225,"column":16},"end":{"line":227,"column":null}},{"start":{},"end":{}}],"line":225},"35":{"loc":{"start":{"line":234,"column":16},"end":{"line":236,"column":null}},"type":"if","locations":[{"start":{"line":234,"column":16},"end":{"line":236,"column":null}},{"start":{},"end":{}}],"line":234},"36":{"loc":{"start":{"line":252,"column":8},"end":{"line":268,"column":null}},"type":"if","locations":[{"start":{"line":252,"column":8},"end":{"line":268,"column":null}},{"start":{},"end":{}}],"line":252},"37":{"loc":{"start":{"line":252,"column":12},"end":{"line":252,"column":70}},"type":"binary-expr","locations":[{"start":{"line":252,"column":12},"end":{"line":252,"column":45}},{"start":{"line":252,"column":45},"end":{"line":252,"column":70}}],"line":252},"38":{"loc":{"start":{"line":260,"column":28},"end":{"line":262,"column":null}},"type":"if","locations":[{"start":{"line":260,"column":28},"end":{"line":262,"column":null}},{"start":{},"end":{}}],"line":260}},"s":{"0":3,"1":3,"2":3,"3":0,"4":18,"5":47,"6":18,"7":29,"8":29,"9":29,"10":29,"11":11,"12":0,"13":0,"14":29,"15":0,"16":0,"17":0,"18":0,"19":1,"20":0,"21":0,"22":0,"23":0,"24":0,"25":0,"26":0,"27":0,"28":2,"29":11,"30":0,"31":11,"32":11,"33":11,"34":11,"35":11,"36":11,"37":3,"38":8,"39":8,"40":8,"41":8,"42":8,"43":8,"44":1,"45":1,"46":0,"47":1,"48":1,"49":1,"50":2,"51":2,"52":2,"53":2,"54":2,"55":2,"56":1,"57":5,"58":0,"59":5,"60":8,"61":8,"62":1,"63":0,"64":1,"65":2,"66":2,"67":2,"68":1,"69":0,"70":3,"71":0,"72":3,"73":6,"74":6,"75":0,"76":6,"77":4,"78":2,"79":3,"80":1,"81":0,"82":1,"83":2,"84":2,"85":2,"86":1,"87":1,"88":0,"89":1,"90":2,"91":2,"92":2,"93":1,"94":1,"95":0,"96":1,"97":2,"98":1,"99":2,"100":0,"101":2,"102":7,"103":29,"104":47,"105":29,"106":1,"107":29,"108":29,"109":1,"110":1,"111":3,"112":2,"113":1,"114":29,"115":11,"116":11,"117":11,"118":0,"119":2,"120":11},"f":{"0":0,"1":18,"2":11,"3":47,"4":11,"5":0,"6":0,"7":0,"8":0,"9":1,"10":0,"11":0,"12":0,"13":0,"14":2,"15":11,"16":8,"17":1,"18":1,"19":2,"20":5,"21":8,"22":1,"23":2,"24":1,"25":0,"26":3,"27":6,"28":1,"29":2,"30":1,"31":2,"32":1,"33":2,"34":2,"35":7,"36":47,"37":1,"38":29,"39":3,"40":0,"41":2},"b":{"0":[3,0],"1":[18,29],"2":[0,11],"3":[0,0],"4":[0,0],"5":[0,11],"6":[11,11],"7":[11,0],"8":[3,8],"9":[11,11],"10":[8,0],"11":[8,8],"12":[8,0],"13":[0,1],"14":[2,0],"15":[2,2],"16":[2,0],"17":[2,2],"18":[0,5],"19":[8,8,8],"20":[0,1],"21":[2,0],"22":[2,2],"23":[0,3],"24":[0,6],"25":[6,6],"26":[4,2],"27":[0,1],"28":[2,0],"29":[2,2],"30":[0,1],"31":[1,1],"32":[2,0],"33":[2,2],"34":[0,1],"35":[0,2],"36":[29,0],"37":[29,29],"38":[2,1]},"meta":{"lastBranch":39,"lastFunction":42,"lastStatement":121,"seen":{"s:59:25:59:Infinity":0,"b:61:0:65:Infinity:undefined:undefined:undefined:undefined":0,"s:61:0:65:Infinity":1,"s:62:4:64:Infinity":2,"f:62:55:62:61":0,"s:63:8:63:Infinity":3,"f:69:9:69:25":1,"s:70:4:70:Infinity":4,"f:73:16:73:38":2,"f:74:13:74:54":3,"b:75:8:77:Infinity:undefined:undefined:undefined:undefined":1,"s:75:8:77:Infinity":5,"s:76:12:76:Infinity":6,"s:79:14:79:Infinity":7,"s:80:32:80:Infinity":8,"s:81:28:81:Infinity":9,"s:83:33:88:Infinity":10,"f:83:33:83:39":4,"b:84:12:87:Infinity:undefined:undefined:undefined:undefined":2,"s:84:12:87:Infinity":11,"s:85:16:85:Infinity":12,"s:86:16:86:Infinity":13,"s:90:54:240:Infinity":14,"f:92:22:92:28":5,"s:92:28:92:Infinity":15,"f:93:28:93:29":6,"s:94:16:94:Infinity":16,"f:96:19:96:20":7,"s:96:40:96:Infinity":17,"f:97:16:97:17":8,"s:97:39:97:Infinity":18,"f:98:28:98:29":9,"s:99:16:99:Infinity":19,"f:101:31:101:32":10,"b:102:16:104:Infinity:undefined:undefined:undefined:undefined":3,"s:102:16:104:Infinity":20,"b:102:20:102:34:102:34:102:66":4,"s:103:20:103:Infinity":21,"s:105:16:105:Infinity":22,"s:106:16:106:Infinity":23,"f:108:17:108:18":11,"s:109:17:109:Infinity":24,"f:110:18:110:19":12,"s:111:16:111:Infinity":25,"s:112:16:112:Infinity":26,"f:114:22:114:23":13,"s:115:16:115:Infinity":27,"f:117:19:117:25":14,"s:117:25:117:Infinity":28,"f:118:20:118:21":15,"b:119:16:121:Infinity:undefined:undefined:undefined:undefined":5,"s:119:16:121:Infinity":29,"s:120:20:120:Infinity":30,"s:122:16:122:Infinity":31,"s:123:44:123:Infinity":32,"s:124:30:124:Infinity":33,"b:124:30:124:41:124:41:124:Infinity":6,"s:125:31:125:Infinity":34,"b:125:54:125:62:125:62:125:Infinity":7,"s:126:33:126:Infinity":35,"b:127:16:129:Infinity:undefined:undefined:undefined:undefined":8,"s:127:16:129:Infinity":36,"b:127:20:127:32:127:32:127:59":9,"s:128:20:128:Infinity":37,"s:130:16:134:Infinity":38,"f:130:31:130:32":16,"b:131:20:133:Infinity:undefined:undefined:undefined:undefined":10,"s:131:20:133:Infinity":39,"b:131:24:131:32:131:32:131:93":11,"s:132:24:132:Infinity":40,"b:135:16:137:Infinity:undefined:undefined:undefined:undefined":12,"s:135:16:137:Infinity":41,"s:136:20:136:Infinity":42,"s:138:16:138:Infinity":43,"f:140:18:140:19":17,"s:141:16:141:Infinity":44,"f:143:21:143:22":18,"b:144:16:146:Infinity:undefined:undefined:undefined:undefined":13,"s:144:16:146:Infinity":45,"s:145:20:145:Infinity":46,"s:147:43:147:Infinity":47,"s:148:29:148:Infinity":48,"s:149:16:158:Infinity":49,"f:149:30:149:31":19,"s:150:36:150:Infinity":50,"b:151:20:157:Infinity:undefined:undefined:undefined:undefined":14,"s:151:20:157:Infinity":51,"b:151:24:151:35:151:35:151:74":15,"s:152:38:152:Infinity":52,"b:153:24:156:Infinity:undefined:undefined:undefined:undefined":16,"s:153:24:156:Infinity":53,"b:153:28:153:37:153:37:153:55":17,"s:154:28:154:Infinity":54,"s:155:28:155:Infinity":55,"s:159:16:159:Infinity":56,"f:161:22:161:23":20,"b:162:16:164:Infinity:undefined:undefined:undefined:undefined":18,"s:162:16:164:Infinity":57,"s:163:20:163:Infinity":58,"s:165:16:168:Infinity":59,"f:165:34:165:35":21,"s:166:36:166:Infinity":60,"s:167:20:167:Infinity":61,"b:167:27:167:38:167:38:167:59:167:59:167:Infinity":19,"f:170:25:170:26":22,"b:171:16:173:Infinity:undefined:undefined:undefined:undefined":20,"s:171:16:173:Infinity":62,"s:172:20:172:Infinity":63,"s:174:16:179:Infinity":64,"f:174:30:174:31":23,"s:175:36:175:Infinity":65,"b:176:20:178:Infinity:undefined:undefined:undefined:undefined":21,"s:176:20:178:Infinity":66,"b:176:24:176:35:176:35:176:54":22,"s:177:24:177:Infinity":67,"f:181:22:181:23":24,"s:181:38:181:Infinity":68,"f:182:25:182:26":25,"s:182:41:182:Infinity":69,"f:183:19:183:20":26,"b:184:16:186:Infinity:undefined:undefined:undefined:undefined":23,"s:184:16:186:Infinity":70,"s:185:20:185:Infinity":71,"s:187:16:197:Infinity":72,"f:187:30:187:31":27,"s:188:36:188:Infinity":73,"b:189:20:191:Infinity:undefined:undefined:undefined:undefined":24,"s:189:20:191:Infinity":74,"b:189:24:189:36:189:36:189:56":25,"s:190:24:190:Infinity":75,"b:192:20:196:Infinity:194:27:196:Infinity":26,"s:192:20:196:Infinity":76,"s:193:24:193:Infinity":77,"s:195:24:195:Infinity":78,"s:198:16:198:Infinity":79,"f:200:17:200:18":28,"b:201:16:203:Infinity:undefined:undefined:undefined:undefined":27,"s:201:16:203:Infinity":80,"s:202:20:202:Infinity":81,"s:204:16:209:Infinity":82,"f:204:30:204:31":29,"s:205:36:205:Infinity":83,"b:206:20:208:Infinity:undefined:undefined:undefined:undefined":28,"s:206:20:208:Infinity":84,"b:206:24:206:35:206:35:206:79":29,"s:207:24:207:Infinity":85,"s:210:16:210:Infinity":86,"f:212:21:212:22":30,"b:213:16:215:Infinity:undefined:undefined:undefined:undefined":30,"s:213:16:215:Infinity":87,"b:213:20:213:34:213:34:213:65":31,"s:214:20:214:Infinity":88,"s:216:16:221:Infinity":89,"f:216:30:216:31":31,"s:217:36:217:Infinity":90,"b:218:20:220:Infinity:undefined:undefined:undefined:undefined":32,"s:218:20:220:Infinity":91,"b:218:24:218:35:218:35:218:83":33,"s:219:24:219:Infinity":92,"s:222:16:222:Infinity":93,"f:224:18:224:19":32,"b:225:16:227:Infinity:undefined:undefined:undefined:undefined":34,"s:225:16:227:Infinity":94,"s:226:20:226:Infinity":95,"s:228:17:230:Infinity":96,"f:228:57:228:58":33,"s:229:20:229:Infinity":97,"s:231:16:231:Infinity":98,"f:233:21:233:22":34,"b:234:16:236:Infinity:undefined:undefined:undefined:undefined":35,"s:234:16:236:Infinity":99,"s:235:20:235:Infinity":100,"s:237:16:237:Infinity":101,"f:239:21:239:27":35,"s:239:27:239:Infinity":102,"s:242:8:244:Infinity":103,"f:242:22:242:23":36,"s:243:13:243:Infinity":104,"s:246:8:250:Infinity":105,"f:249:17:249:23":37,"s:249:23:249:Infinity":106,"b:252:8:268:Infinity:undefined:undefined:undefined:undefined":36,"s:252:8:268:Infinity":107,"b:252:12:252:45:252:45:252:70":37,"s:253:12:267:Infinity":108,"f:256:16:256:23":38,"s:257:32:257:Infinity":109,"s:258:20:265:Infinity":110,"f:259:30:259:36":39,"b:260:28:262:Infinity:undefined:undefined:undefined:undefined":38,"s:260:28:262:Infinity":111,"s:261:32:261:Infinity":112,"s:263:28:263:Infinity":113,"s:270:8:270:Infinity":114,"s:273:20:273:Infinity":115,"s:274:5:274:Infinity":116,"s:276:4:283:Infinity":117,"f:279:13:279:19":40,"s:279:19:279:Infinity":118,"f:280:13:280:14":41,"s:281:12:281:Infinity":119,"s:285:4:288:Infinity":120}}}
}
